{"/home/travis/build/npmtest/node-npmtest-crypto-js/test.js":{"path":"/home/travis/build/npmtest/node-npmtest-crypto-js/test.js","s":{"1":2,"2":2,"3":2,"4":2,"5":2,"6":2,"7":2,"8":1,"9":2,"10":2,"11":1,"12":1,"13":1,"14":1,"15":2,"16":2,"17":2,"18":2,"19":1,"20":1,"21":2,"22":2,"23":2,"24":1,"25":1,"26":1,"27":1,"28":1,"29":1,"30":1,"31":1,"32":1,"33":1,"34":1,"35":1,"36":2,"37":2,"38":1,"39":2,"40":2,"41":1,"42":2,"43":2,"44":1,"45":1,"46":1,"47":1,"48":1},"b":{"1":[2,1,1,1],"2":[1,1,1,1],"3":[1,1],"4":[1,1],"5":[1,1],"6":[1,1],"7":[1,1],"8":[1,1],"9":[1,1,1],"10":[1,1],"11":[1,1],"12":[1,1],"13":[1,1],"14":[1,1],"15":[1,1]},"f":{"1":2,"2":2,"3":2,"4":2,"5":2,"6":1,"7":1,"8":2,"9":2,"10":2,"11":1},"fnMap":{"1":{"name":"(anonymous_1)","line":12,"loc":{"start":{"line":12,"column":1},"end":{"line":12,"column":13}}},"2":{"name":"(anonymous_2)","line":19,"loc":{"start":{"line":19,"column":5},"end":{"line":19,"column":17}}},"3":{"name":"(anonymous_3)","line":23,"loc":{"start":{"line":23,"column":24},"end":{"line":23,"column":36}}},"4":{"name":"(anonymous_4)","line":61,"loc":{"start":{"line":61,"column":5},"end":{"line":61,"column":17}}},"5":{"name":"(anonymous_5)","line":82,"loc":{"start":{"line":82,"column":5},"end":{"line":82,"column":17}}},"6":{"name":"(anonymous_6)","line":102,"loc":{"start":{"line":102,"column":83},"end":{"line":105,"column":10}},"skip":true},"7":{"name":"(anonymous_7)","line":113,"loc":{"start":{"line":113,"column":77},"end":{"line":116,"column":10}},"skip":true},"8":{"name":"(anonymous_8)","line":127,"loc":{"start":{"line":127,"column":77},"end":{"line":130,"column":10}},"skip":true},"9":{"name":"(anonymous_9)","line":138,"loc":{"start":{"line":138,"column":83},"end":{"line":141,"column":10}},"skip":true},"10":{"name":"(anonymous_10)","line":149,"loc":{"start":{"line":149,"column":79},"end":{"line":152,"column":10}},"skip":true},"11":{"name":"(anonymous_11)","line":160,"loc":{"start":{"line":160,"column":75},"end":{"line":163,"column":10}},"skip":true}},"statementMap":{"1":{"start":{"line":12,"column":0},"end":{"line":175,"column":5}},"2":{"start":{"line":14,"column":4},"end":{"line":14,"column":14}},"3":{"start":{"line":19,"column":4},"end":{"line":56,"column":9}},"4":{"start":{"line":21,"column":8},"end":{"line":21,"column":19}},"5":{"start":{"line":23,"column":8},"end":{"line":35,"column":13}},"6":{"start":{"line":24,"column":12},"end":{"line":34,"column":13}},"7":{"start":{"line":25,"column":16},"end":{"line":28,"column":30}},"8":{"start":{"line":30,"column":16},"end":{"line":33,"column":27}},"9":{"start":{"line":37,"column":8},"end":{"line":39,"column":21}},"10":{"start":{"line":40,"column":8},"end":{"line":53,"column":9}},"11":{"start":{"line":43,"column":12},"end":{"line":46,"column":14}},"12":{"start":{"line":47,"column":12},"end":{"line":47,"column":18}},"13":{"start":{"line":50,"column":12},"end":{"line":51,"column":46}},"14":{"start":{"line":52,"column":12},"end":{"line":52,"column":18}},"15":{"start":{"line":55,"column":8},"end":{"line":55,"column":35}},"16":{"start":{"line":61,"column":4},"end":{"line":63,"column":9}},"17":{"start":{"line":62,"column":8},"end":{"line":62,"column":15}},"18":{"start":{"line":64,"column":4},"end":{"line":77,"column":5}},"19":{"start":{"line":70,"column":8},"end":{"line":70,"column":14}},"20":{"start":{"line":76,"column":8},"end":{"line":76,"column":14}},"21":{"start":{"line":82,"column":4},"end":{"line":84,"column":9}},"22":{"start":{"line":83,"column":8},"end":{"line":83,"column":15}},"23":{"start":{"line":85,"column":4},"end":{"line":174,"column":5}},"24":{"start":{"line":92,"column":8},"end":{"line":94,"column":63}},"25":{"start":{"line":95,"column":8},"end":{"line":95,"column":14}},"26":{"start":{"line":102,"column":8},"end":{"line":111,"column":10},"skip":true},"27":{"start":{"line":109,"column":12},"end":{"line":109,"column":55},"skip":true},"28":{"start":{"line":110,"column":12},"end":{"line":110,"column":48},"skip":true},"29":{"start":{"line":113,"column":8},"end":{"line":125,"column":10},"skip":true},"30":{"start":{"line":120,"column":12},"end":{"line":120,"column":76},"skip":true},"31":{"start":{"line":121,"column":12},"end":{"line":121,"column":73},"skip":true},"32":{"start":{"line":122,"column":12},"end":{"line":122,"column":74},"skip":true},"33":{"start":{"line":123,"column":12},"end":{"line":123,"column":25},"skip":true},"34":{"start":{"line":124,"column":12},"end":{"line":124,"column":45},"skip":true},"35":{"start":{"line":127,"column":8},"end":{"line":136,"column":10},"skip":true},"36":{"start":{"line":134,"column":12},"end":{"line":134,"column":25},"skip":true},"37":{"start":{"line":135,"column":12},"end":{"line":135,"column":45},"skip":true},"38":{"start":{"line":138,"column":8},"end":{"line":147,"column":10},"skip":true},"39":{"start":{"line":145,"column":12},"end":{"line":145,"column":25},"skip":true},"40":{"start":{"line":146,"column":12},"end":{"line":146,"column":48},"skip":true},"41":{"start":{"line":149,"column":8},"end":{"line":158,"column":10},"skip":true},"42":{"start":{"line":156,"column":12},"end":{"line":156,"column":25},"skip":true},"43":{"start":{"line":157,"column":12},"end":{"line":157,"column":46},"skip":true},"44":{"start":{"line":160,"column":8},"end":{"line":169,"column":10},"skip":true},"45":{"start":{"line":167,"column":12},"end":{"line":167,"column":94},"skip":true},"46":{"start":{"line":168,"column":12},"end":{"line":168,"column":48},"skip":true},"47":{"start":{"line":172,"column":8},"end":{"line":172,"column":35},"skip":true},"48":{"start":{"line":173,"column":8},"end":{"line":173,"column":14},"skip":true}},"branchMap":{"1":{"line":25,"type":"binary-expr","locations":[{"start":{"line":25,"column":23},"end":{"line":25,"column":62}},{"start":{"line":26,"column":20},"end":{"line":26,"column":70}},{"start":{"line":27,"column":20},"end":{"line":27,"column":71}},{"start":{"line":28,"column":20},"end":{"line":28,"column":29}}]},"2":{"line":30,"type":"binary-expr","locations":[{"start":{"line":30,"column":23},"end":{"line":30,"column":37}},{"start":{"line":31,"column":20},"end":{"line":31,"column":61}},{"start":{"line":32,"column":20},"end":{"line":32,"column":70}},{"start":{"line":33,"column":20},"end":{"line":33,"column":26}}]},"3":{"line":37,"type":"cond-expr","locations":[{"start":{"line":38,"column":14},"end":{"line":38,"column":20}},{"start":{"line":39,"column":14},"end":{"line":39,"column":20}}]},"4":{"line":40,"type":"switch","locations":[{"start":{"line":42,"column":8},"end":{"line":47,"column":18}},{"start":{"line":49,"column":8},"end":{"line":52,"column":18}}]},"5":{"line":44,"type":"binary-expr","locations":[{"start":{"line":44,"column":16},"end":{"line":44,"column":44}},{"start":{"line":44,"column":48},"end":{"line":44,"column":66}}]},"6":{"line":50,"type":"binary-expr","locations":[{"start":{"line":50,"column":21},"end":{"line":50,"column":49}},{"start":{"line":50,"column":53},"end":{"line":50,"column":72}}]},"7":{"line":64,"type":"switch","locations":[{"start":{"line":69,"column":4},"end":{"line":70,"column":14}},{"start":{"line":75,"column":4},"end":{"line":76,"column":14}}]},"8":{"line":85,"type":"switch","locations":[{"start":{"line":90,"column":4},"end":{"line":95,"column":14}},{"start":{"line":101,"column":4},"end":{"line":173,"column":14},"skip":true}]},"9":{"line":92,"type":"binary-expr","locations":[{"start":{"line":92,"column":18},"end":{"line":92,"column":32}},{"start":{"line":93,"column":12},"end":{"line":93,"column":53}},{"start":{"line":94,"column":12},"end":{"line":94,"column":61}}]},"10":{"line":102,"type":"binary-expr","locations":[{"start":{"line":102,"column":45},"end":{"line":102,"column":79},"skip":true},{"start":{"line":102,"column":83},"end":{"line":111,"column":9},"skip":true}]},"11":{"line":113,"type":"binary-expr","locations":[{"start":{"line":113,"column":42},"end":{"line":113,"column":73},"skip":true},{"start":{"line":113,"column":77},"end":{"line":125,"column":9},"skip":true}]},"12":{"line":127,"type":"binary-expr","locations":[{"start":{"line":127,"column":42},"end":{"line":127,"column":73},"skip":true},{"start":{"line":127,"column":77},"end":{"line":136,"column":9},"skip":true}]},"13":{"line":138,"type":"binary-expr","locations":[{"start":{"line":138,"column":45},"end":{"line":138,"column":79},"skip":true},{"start":{"line":138,"column":83},"end":{"line":147,"column":9},"skip":true}]},"14":{"line":149,"type":"binary-expr","locations":[{"start":{"line":149,"column":43},"end":{"line":149,"column":75},"skip":true},{"start":{"line":149,"column":79},"end":{"line":158,"column":9},"skip":true}]},"15":{"line":160,"type":"binary-expr","locations":[{"start":{"line":160,"column":41},"end":{"line":160,"column":71},"skip":true},{"start":{"line":160,"column":75},"end":{"line":169,"column":9},"skip":true}]}},"code":["/* istanbul instrument in package npmtest_crypto_js */","/*jslint","    bitwise: true,","    browser: true,","    maxerr: 8,","    maxlen: 96,","    node: true,","    nomen: true,","    regexp: true,","    stupid: true","*/","(function () {","    'use strict';","    var local;","","","","    // run shared js-env code - pre-init","    (function () {","        // init local","        local = {};","        // init modeJs","        local.modeJs = (function () {","            try {","                return typeof navigator.userAgent === 'string' &&","                    typeof document.querySelector('body') === 'object' &&","                    typeof XMLHttpRequest.prototype.open === 'function' &&","                    'browser';","            } catch (errorCaughtBrowser) {","                return module.exports &&","                    typeof process.versions.node === 'string' &&","                    typeof require('http').createServer === 'function' &&","                    'node';","            }","        }());","        // init global","        local.global = local.modeJs === 'browser'","            ? window","            : global;","        switch (local.modeJs) {","        // re-init local from window.local","        case 'browser':","            local = local.global.utility2.objectSetDefault(","                local.global.utility2_rollup || local.global.local,","                local.global.utility2","            );","            break;","        // re-init local from example.js","        case 'node':","            local = (local.global.utility2_rollup || require('utility2'))","                .requireExampleJsFromReadme();","            break;","        }","        // export local","        local.global.local = local;","    }());","","","","    // run shared js-env code - function","    (function () {","        return;","    }());","    switch (local.modeJs) {","","","","    // run browser js-env code - function","    case 'browser':","        break;","","","","    // run node js-env code - function","    case 'node':","        break;","    }","","","","    // run shared js-env code - post-init","    (function () {","        return;","    }());","    switch (local.modeJs) {","","","","    // run browser js-env code - post-init","    case 'browser':","        // run tests","        local.nop(local.modeTest &&","            document.querySelector('#testRunButton1') &&","            document.querySelector('#testRunButton1').click());","        break;","","","","    // run node js-env code - post-init","    /* istanbul ignore next */","    case 'node':","        local.testCase_buildApidoc_default = local.testCase_buildApidoc_default || function (","            options,","            onError","        ) {","        /*","         * this function will test buildApidoc's default handling-behavior-behavior","         */","            options = { modulePathList: module.paths };","            local.buildApidoc(options, onError);","        };","","        local.testCase_buildApp_default = local.testCase_buildApp_default || function (","            options,","            onError","        ) {","        /*","         * this function will test buildApp's default handling-behavior-behavior","         */","            local.testCase_buildReadme_default(options, local.onErrorThrow);","            local.testCase_buildLib_default(options, local.onErrorThrow);","            local.testCase_buildTest_default(options, local.onErrorThrow);","            options = [];","            local.buildApp(options, onError);","        };","","        local.testCase_buildLib_default = local.testCase_buildLib_default || function (","            options,","            onError","        ) {","        /*","         * this function will test buildLib's default handling-behavior","         */","            options = {};","            local.buildLib(options, onError);","        };","","        local.testCase_buildReadme_default = local.testCase_buildReadme_default || function (","            options,","            onError","        ) {","        /*","         * this function will test buildReadme's default handling-behavior-behavior","         */","            options = {};","            local.buildReadme(options, onError);","        };","","        local.testCase_buildTest_default = local.testCase_buildTest_default || function (","            options,","            onError","        ) {","        /*","         * this function will test buildTest's default handling-behavior","         */","            options = {};","            local.buildTest(options, onError);","        };","","        local.testCase_webpage_default = local.testCase_webpage_default || function (","            options,","            onError","        ) {","        /*","         * this function will test webpage's default handling-behavior","         */","            options = { modeCoverageMerge: true, url: local.serverLocalHost + '?modeTest=1' };","            local.browserTest(options, onError);","        };","","        // run test-server","        local.testRunServer(local);","        break;","    }","}());",""],"l":{"12":2,"14":2,"19":2,"21":2,"23":2,"24":2,"25":2,"30":1,"37":2,"40":2,"43":1,"47":1,"50":1,"52":1,"55":2,"61":2,"62":2,"64":2,"70":1,"76":1,"82":2,"83":2,"85":2,"92":1,"95":1,"102":1,"109":1,"110":1,"113":1,"120":1,"121":1,"122":1,"123":1,"124":1,"127":1,"134":2,"135":2,"138":1,"145":2,"146":2,"149":1,"156":2,"157":2,"160":1,"167":1,"168":1,"172":1,"173":1}},"/home/travis/build/npmtest/node-npmtest-crypto-js/lib.npmtest_crypto_js.js":{"path":"/home/travis/build/npmtest/node-npmtest-crypto-js/lib.npmtest_crypto_js.js","s":{"1":2,"2":2,"3":2,"4":2,"5":2,"6":2,"7":2,"8":1,"9":2,"10":2,"11":2,"12":2,"13":1,"14":1,"15":1,"16":1},"b":{"1":[2,1,1,1],"2":[1,1,1,1],"3":[1,1],"4":[2,2],"5":[1,1]},"f":{"1":2,"2":2,"3":2},"fnMap":{"1":{"name":"(anonymous_1)","line":12,"loc":{"start":{"line":12,"column":1},"end":{"line":12,"column":13}}},"2":{"name":"(anonymous_2)","line":19,"loc":{"start":{"line":19,"column":5},"end":{"line":19,"column":17}}},"3":{"name":"(anonymous_3)","line":23,"loc":{"start":{"line":23,"column":24},"end":{"line":23,"column":36}}}},"statementMap":{"1":{"start":{"line":12,"column":0},"end":{"line":53,"column":5}},"2":{"start":{"line":14,"column":4},"end":{"line":14,"column":14}},"3":{"start":{"line":19,"column":4},"end":{"line":52,"column":9}},"4":{"start":{"line":21,"column":8},"end":{"line":21,"column":19}},"5":{"start":{"line":23,"column":8},"end":{"line":35,"column":13}},"6":{"start":{"line":24,"column":12},"end":{"line":34,"column":13}},"7":{"start":{"line":25,"column":16},"end":{"line":28,"column":30}},"8":{"start":{"line":30,"column":16},"end":{"line":33,"column":27}},"9":{"start":{"line":37,"column":8},"end":{"line":39,"column":21}},"10":{"start":{"line":41,"column":8},"end":{"line":41,"column":54}},"11":{"start":{"line":43,"column":8},"end":{"line":43,"column":54}},"12":{"start":{"line":45,"column":8},"end":{"line":51,"column":9}},"13":{"start":{"line":46,"column":12},"end":{"line":46,"column":60}},"14":{"start":{"line":48,"column":12},"end":{"line":48,"column":35}},"15":{"start":{"line":49,"column":12},"end":{"line":49,"column":49}},"16":{"start":{"line":50,"column":12},"end":{"line":50,"column":43}}},"branchMap":{"1":{"line":25,"type":"binary-expr","locations":[{"start":{"line":25,"column":23},"end":{"line":25,"column":62}},{"start":{"line":26,"column":20},"end":{"line":26,"column":70}},{"start":{"line":27,"column":20},"end":{"line":27,"column":71}},{"start":{"line":28,"column":20},"end":{"line":28,"column":29}}]},"2":{"line":30,"type":"binary-expr","locations":[{"start":{"line":30,"column":23},"end":{"line":30,"column":37}},{"start":{"line":31,"column":20},"end":{"line":31,"column":61}},{"start":{"line":32,"column":20},"end":{"line":32,"column":70}},{"start":{"line":33,"column":20},"end":{"line":33,"column":26}}]},"3":{"line":37,"type":"cond-expr","locations":[{"start":{"line":38,"column":14},"end":{"line":38,"column":20}},{"start":{"line":39,"column":14},"end":{"line":39,"column":20}}]},"4":{"line":41,"type":"binary-expr","locations":[{"start":{"line":41,"column":16},"end":{"line":41,"column":44}},{"start":{"line":41,"column":48},"end":{"line":41,"column":53}}]},"5":{"line":45,"type":"if","locations":[{"start":{"line":45,"column":8},"end":{"line":45,"column":8}},{"start":{"line":45,"column":8},"end":{"line":45,"column":8}}]}},"code":["/* istanbul instrument in package npmtest_crypto_js */","/*jslint","    bitwise: true,","    browser: true,","    maxerr: 8,","    maxlen: 96,","    node: true,","    nomen: true,","    regexp: true,","    stupid: true","*/","(function () {","    'use strict';","    var local;","","","","    // run shared js-env code - pre-init","    (function () {","        // init local","        local = {};","        // init modeJs","        local.modeJs = (function () {","            try {","                return typeof navigator.userAgent === 'string' &&","                    typeof document.querySelector('body') === 'object' &&","                    typeof XMLHttpRequest.prototype.open === 'function' &&","                    'browser';","            } catch (errorCaughtBrowser) {","                return module.exports &&","                    typeof process.versions.node === 'string' &&","                    typeof require('http').createServer === 'function' &&","                    'node';","            }","        }());","        // init global","        local.global = local.modeJs === 'browser'","            ? window","            : global;","        // init utility2_rollup","        local = local.global.utility2_rollup || local;","        // init lib","        local.local = local.npmtest_crypto_js = local;","        // init exports","        if (local.modeJs === 'browser') {","            local.global.utility2_npmtest_crypto_js = local;","        } else {","            module.exports = local;","            module.exports.__dirname = __dirname;","            module.exports.module = module;","        }","    }());","}());",""],"l":{"12":2,"14":2,"19":2,"21":2,"23":2,"24":2,"25":2,"30":1,"37":2,"41":2,"43":2,"45":2,"46":1,"48":1,"49":1,"50":1}},"/home/travis/build/npmtest/node-npmtest-crypto-js/example.js":{"path":"/home/travis/build/npmtest/node-npmtest-crypto-js/example.js","s":{"1":2,"2":2,"3":2,"4":2,"5":2,"6":2,"7":2,"8":1,"9":2,"10":2,"11":2,"12":2,"13":1,"14":2,"15":2,"16":2,"17":2,"18":2,"19":0,"20":2,"21":1,"22":1,"23":1,"24":1,"25":1,"26":0,"27":0,"28":1,"29":1,"30":2,"31":0,"32":0,"33":0,"34":1,"35":2,"36":2,"37":2,"38":2,"39":2,"40":2,"41":0,"42":2,"43":2,"44":2,"45":1,"46":3,"47":1,"48":1,"49":1,"50":1,"51":1,"52":1,"53":1,"54":1,"55":1,"56":1,"57":0,"58":1,"59":6,"60":6,"61":1,"62":2,"63":0,"64":2,"65":1,"66":1,"67":0,"68":0,"69":0,"70":0,"71":0,"72":0,"73":0,"74":0,"75":0,"76":0,"77":0,"78":0,"79":0,"80":0,"81":0,"82":0,"83":0},"b":{"1":[2,1,1,1],"2":[1,1,1,1],"3":[1,1],"4":[2,2],"5":[1,1],"6":[1,1],"7":[2,0],"8":[2,1,1,1,1,1],"9":[0,2,0],"10":[1,1],"11":[2,1,1],"12":[1,0],"13":[0,2],"14":[2,0,0,0,0,0,0],"15":[0,2],"16":[2,0],"17":[1,1],"18":[0,1],"19":[1,2,0,2],"20":[1,0],"21":[1,1],"22":[0,0],"23":[0,0],"24":[0,0],"25":[0,0],"26":[0,0],"27":[0,0],"28":[0,0]},"f":{"1":2,"2":2,"3":2,"4":2,"5":2,"6":2,"7":2,"8":2,"9":3,"10":1,"11":6,"12":0},"fnMap":{"1":{"name":"(anonymous_1)","line":26,"loc":{"start":{"line":26,"column":1},"end":{"line":26,"column":13}}},"2":{"name":"(anonymous_2)","line":33,"loc":{"start":{"line":33,"column":5},"end":{"line":33,"column":17}}},"3":{"name":"(anonymous_3)","line":37,"loc":{"start":{"line":37,"column":24},"end":{"line":37,"column":36}}},"4":{"name":"(anonymous_4)","line":69,"loc":{"start":{"line":69,"column":31},"end":{"line":69,"column":48}},"skip":true},"5":{"name":"(anonymous_5)","line":78,"loc":{"start":{"line":78,"column":26},"end":{"line":78,"column":45}},"skip":true},"6":{"name":"(anonymous_6)","line":123,"loc":{"start":{"line":123,"column":33},"end":{"line":123,"column":48}},"skip":true},"7":{"name":"(anonymous_7)","line":125,"loc":{"start":{"line":125,"column":27},"end":{"line":125,"column":39}},"skip":true},"8":{"name":"(anonymous_8)","line":133,"loc":{"start":{"line":133,"column":59},"end":{"line":133,"column":74}},"skip":true},"9":{"name":"(anonymous_9)","line":143,"loc":{"start":{"line":143,"column":45},"end":{"line":143,"column":62}},"skip":true},"10":{"name":"(anonymous_10)","line":144,"loc":{"start":{"line":144,"column":73},"end":{"line":144,"column":92}},"skip":true},"11":{"name":"(anonymous_11)","line":272,"loc":{"start":{"line":272,"column":51},"end":{"line":272,"column":77}},"skip":true},"12":{"name":"(anonymous_12)","line":314,"loc":{"start":{"line":314,"column":32},"end":{"line":314,"column":61}},"skip":true}},"statementMap":{"1":{"start":{"line":26,"column":0},"end":{"line":325,"column":5}},"2":{"start":{"line":28,"column":4},"end":{"line":28,"column":14}},"3":{"start":{"line":33,"column":4},"end":{"line":60,"column":9}},"4":{"start":{"line":35,"column":8},"end":{"line":35,"column":19}},"5":{"start":{"line":37,"column":8},"end":{"line":49,"column":13}},"6":{"start":{"line":38,"column":12},"end":{"line":48,"column":13}},"7":{"start":{"line":39,"column":16},"end":{"line":42,"column":30}},"8":{"start":{"line":44,"column":16},"end":{"line":47,"column":27}},"9":{"start":{"line":51,"column":8},"end":{"line":53,"column":21}},"10":{"start":{"line":55,"column":8},"end":{"line":57,"column":45}},"11":{"start":{"line":59,"column":8},"end":{"line":59,"column":35}},"12":{"start":{"line":61,"column":4},"end":{"line":324,"column":5}},"13":{"start":{"line":69,"column":8},"end":{"line":121,"column":10},"skip":true},"14":{"start":{"line":70,"column":12},"end":{"line":88,"column":13},"skip":true},"15":{"start":{"line":76,"column":16},"end":{"line":87,"column":19},"skip":true},"16":{"start":{"line":79,"column":20},"end":{"line":86,"column":21},"skip":true},"17":{"start":{"line":82,"column":24},"end":{"line":82,"column":43},"skip":true},"18":{"start":{"line":83,"column":24},"end":{"line":83,"column":30},"skip":true},"19":{"start":{"line":85,"column":24},"end":{"line":85,"column":49},"skip":true},"20":{"start":{"line":89,"column":12},"end":{"line":107,"column":13},"skip":true},"21":{"start":{"line":92,"column":16},"end":{"line":102,"column":17},"skip":true},"22":{"start":{"line":93,"column":20},"end":{"line":93,"column":86},"skip":true},"23":{"start":{"line":94,"column":20},"end":{"line":95,"column":45},"skip":true},"24":{"start":{"line":96,"column":20},"end":{"line":96,"column":42},"skip":true},"25":{"start":{"line":97,"column":20},"end":{"line":97,"column":48},"skip":true},"26":{"start":{"line":100,"column":20},"end":{"line":100,"column":85},"skip":true},"27":{"start":{"line":101,"column":20},"end":{"line":101,"column":96},"skip":true},"28":{"start":{"line":103,"column":16},"end":{"line":103,"column":22},"skip":true},"29":{"start":{"line":106,"column":16},"end":{"line":106,"column":22},"skip":true},"30":{"start":{"line":108,"column":12},"end":{"line":120,"column":13},"skip":true},"31":{"start":{"line":114,"column":16},"end":{"line":119,"column":17},"skip":true},"32":{"start":{"line":116,"column":20},"end":{"line":116,"column":78},"skip":true},"33":{"start":{"line":118,"column":20},"end":{"line":118,"column":53},"skip":true},"34":{"start":{"line":123,"column":8},"end":{"line":141,"column":11},"skip":true},"35":{"start":{"line":124,"column":12},"end":{"line":124,"column":54},"skip":true},"36":{"start":{"line":125,"column":12},"end":{"line":140,"column":14},"skip":true},"37":{"start":{"line":126,"column":16},"end":{"line":126,"column":28},"skip":true},"38":{"start":{"line":127,"column":16},"end":{"line":127,"column":69},"skip":true},"39":{"start":{"line":128,"column":16},"end":{"line":128,"column":75},"skip":true},"40":{"start":{"line":129,"column":16},"end":{"line":131,"column":17},"skip":true},"41":{"start":{"line":130,"column":20},"end":{"line":130,"column":27},"skip":true},"42":{"start":{"line":133,"column":16},"end":{"line":137,"column":36},"skip":true},"43":{"start":{"line":134,"column":20},"end":{"line":136,"column":55},"skip":true},"44":{"start":{"line":139,"column":16},"end":{"line":139,"column":57},"skip":true},"45":{"start":{"line":143,"column":8},"end":{"line":147,"column":11},"skip":true},"46":{"start":{"line":144,"column":12},"end":{"line":146,"column":15},"skip":true},"47":{"start":{"line":145,"column":16},"end":{"line":145,"column":70},"skip":true},"48":{"start":{"line":149,"column":8},"end":{"line":149,"column":31},"skip":true},"49":{"start":{"line":150,"column":8},"end":{"line":150,"column":14},"skip":true},"50":{"start":{"line":158,"column":8},"end":{"line":158,"column":31},"skip":true},"51":{"start":{"line":160,"column":8},"end":{"line":160,"column":33},"skip":true},"52":{"start":{"line":161,"column":8},"end":{"line":161,"column":37},"skip":true},"53":{"start":{"line":162,"column":8},"end":{"line":162,"column":35},"skip":true},"54":{"start":{"line":164,"column":8},"end":{"line":164,"column":50},"skip":true},"55":{"start":{"line":166,"column":8},"end":{"line":256,"column":2},"skip":true},"56":{"start":{"line":258,"column":8},"end":{"line":286,"column":9},"skip":true},"57":{"start":{"line":259,"column":12},"end":{"line":269,"column":14},"skip":true},"58":{"start":{"line":271,"column":12},"end":{"line":285,"column":19},"skip":true},"59":{"start":{"line":274,"column":20},"end":{"line":274,"column":35},"skip":true},"60":{"start":{"line":275,"column":20},"end":{"line":284,"column":21},"skip":true},"61":{"start":{"line":277,"column":24},"end":{"line":277,"column":64},"skip":true},"62":{"start":{"line":279,"column":24},"end":{"line":279,"column":40},"skip":true},"63":{"start":{"line":281,"column":24},"end":{"line":281,"column":40},"skip":true},"64":{"start":{"line":283,"column":24},"end":{"line":283,"column":39},"skip":true},"65":{"start":{"line":288,"column":8},"end":{"line":290,"column":9},"skip":true},"66":{"start":{"line":289,"column":12},"end":{"line":289,"column":18},"skip":true},"67":{"start":{"line":291,"column":8},"end":{"line":293,"column":54},"skip":true},"68":{"start":{"line":294,"column":8},"end":{"line":301,"column":37},"skip":true},"69":{"start":{"line":302,"column":8},"end":{"line":302,"column":82},"skip":true},"70":{"start":{"line":305,"column":8},"end":{"line":307,"column":9},"skip":true},"71":{"start":{"line":306,"column":12},"end":{"line":306,"column":82},"skip":true},"72":{"start":{"line":309,"column":8},"end":{"line":311,"column":9},"skip":true},"73":{"start":{"line":310,"column":12},"end":{"line":310,"column":18},"skip":true},"74":{"start":{"line":312,"column":8},"end":{"line":312,"column":54},"skip":true},"75":{"start":{"line":313,"column":8},"end":{"line":313,"column":69},"skip":true},"76":{"start":{"line":314,"column":8},"end":{"line":322,"column":36},"skip":true},"77":{"start":{"line":315,"column":12},"end":{"line":315,"column":61},"skip":true},"78":{"start":{"line":316,"column":12},"end":{"line":319,"column":13},"skip":true},"79":{"start":{"line":317,"column":16},"end":{"line":317,"column":75},"skip":true},"80":{"start":{"line":318,"column":16},"end":{"line":318,"column":23},"skip":true},"81":{"start":{"line":320,"column":12},"end":{"line":320,"column":38},"skip":true},"82":{"start":{"line":321,"column":12},"end":{"line":321,"column":27},"skip":true},"83":{"start":{"line":323,"column":8},"end":{"line":323,"column":14},"skip":true}},"branchMap":{"1":{"line":39,"type":"binary-expr","locations":[{"start":{"line":39,"column":23},"end":{"line":39,"column":62}},{"start":{"line":40,"column":20},"end":{"line":40,"column":70}},{"start":{"line":41,"column":20},"end":{"line":41,"column":71}},{"start":{"line":42,"column":20},"end":{"line":42,"column":29}}]},"2":{"line":44,"type":"binary-expr","locations":[{"start":{"line":44,"column":23},"end":{"line":44,"column":37}},{"start":{"line":45,"column":20},"end":{"line":45,"column":61}},{"start":{"line":46,"column":20},"end":{"line":46,"column":70}},{"start":{"line":47,"column":20},"end":{"line":47,"column":26}}]},"3":{"line":51,"type":"cond-expr","locations":[{"start":{"line":52,"column":14},"end":{"line":52,"column":20}},{"start":{"line":53,"column":14},"end":{"line":53,"column":20}}]},"4":{"line":55,"type":"binary-expr","locations":[{"start":{"line":55,"column":16},"end":{"line":55,"column":44}},{"start":{"line":55,"column":49},"end":{"line":57,"column":43}}]},"5":{"line":55,"type":"cond-expr","locations":[{"start":{"line":56,"column":14},"end":{"line":56,"column":53}},{"start":{"line":57,"column":14},"end":{"line":57,"column":43}}]},"6":{"line":61,"type":"switch","locations":[{"start":{"line":68,"column":4},"end":{"line":150,"column":14},"skip":true},{"start":{"line":156,"column":4},"end":{"line":323,"column":14},"skip":true}]},"7":{"line":70,"type":"if","locations":[{"start":{"line":70,"column":12},"end":{"line":70,"column":12},"skip":true},{"start":{"line":70,"column":12},"end":{"line":70,"column":12},"skip":true}]},"8":{"line":70,"type":"binary-expr","locations":[{"start":{"line":70,"column":16},"end":{"line":70,"column":22},"skip":true},{"start":{"line":70,"column":27},"end":{"line":70,"column":32},"skip":true},{"start":{"line":71,"column":20},"end":{"line":71,"column":39},"skip":true},{"start":{"line":72,"column":20},"end":{"line":72,"column":49},"skip":true},{"start":{"line":73,"column":20},"end":{"line":73,"column":58},"skip":true},{"start":{"line":74,"column":20},"end":{"line":74,"column":69},"skip":true}]},"9":{"line":79,"type":"switch","locations":[{"start":{"line":80,"column":20},"end":{"line":80,"column":33},"skip":true},{"start":{"line":81,"column":20},"end":{"line":83,"column":30},"skip":true},{"start":{"line":84,"column":20},"end":{"line":85,"column":49},"skip":true}]},"10":{"line":89,"type":"switch","locations":[{"start":{"line":90,"column":12},"end":{"line":103,"column":22},"skip":true},{"start":{"line":105,"column":12},"end":{"line":106,"column":22},"skip":true}]},"11":{"line":89,"type":"binary-expr","locations":[{"start":{"line":89,"column":20},"end":{"line":89,"column":25},"skip":true},{"start":{"line":89,"column":29},"end":{"line":89,"column":48},"skip":true},{"start":{"line":89,"column":52},"end":{"line":89,"column":74},"skip":true}]},"12":{"line":92,"type":"if","locations":[{"start":{"line":92,"column":16},"end":{"line":92,"column":16},"skip":true},{"start":{"line":92,"column":16},"end":{"line":92,"column":16},"skip":true}]},"13":{"line":108,"type":"if","locations":[{"start":{"line":108,"column":12},"end":{"line":108,"column":12},"skip":true},{"start":{"line":108,"column":12},"end":{"line":108,"column":12},"skip":true}]},"14":{"line":108,"type":"binary-expr","locations":[{"start":{"line":108,"column":16},"end":{"line":108,"column":61},"skip":true},{"start":{"line":108,"column":66},"end":{"line":108,"column":72},"skip":true},{"start":{"line":108,"column":77},"end":{"line":108,"column":82},"skip":true},{"start":{"line":109,"column":20},"end":{"line":109,"column":39},"skip":true},{"start":{"line":110,"column":20},"end":{"line":110,"column":49},"skip":true},{"start":{"line":111,"column":20},"end":{"line":111,"column":58},"skip":true},{"start":{"line":112,"column":20},"end":{"line":112,"column":68},"skip":true}]},"15":{"line":129,"type":"if","locations":[{"start":{"line":129,"column":16},"end":{"line":129,"column":16},"skip":true},{"start":{"line":129,"column":16},"end":{"line":129,"column":16},"skip":true}]},"16":{"line":134,"type":"cond-expr","locations":[{"start":{"line":135,"column":26},"end":{"line":135,"column":29},"skip":true},{"start":{"line":136,"column":26},"end":{"line":136,"column":54},"skip":true}]},"17":{"line":164,"type":"binary-expr","locations":[{"start":{"line":164,"column":27},"end":{"line":164,"column":43},"skip":true},{"start":{"line":164,"column":47},"end":{"line":164,"column":49},"skip":true}]},"18":{"line":258,"type":"if","locations":[{"start":{"line":258,"column":8},"end":{"line":258,"column":8},"skip":true},{"start":{"line":258,"column":8},"end":{"line":258,"column":8},"skip":true}]},"19":{"line":275,"type":"switch","locations":[{"start":{"line":276,"column":20},"end":{"line":277,"column":64},"skip":true},{"start":{"line":278,"column":20},"end":{"line":279,"column":40},"skip":true},{"start":{"line":280,"column":20},"end":{"line":281,"column":40},"skip":true},{"start":{"line":282,"column":20},"end":{"line":283,"column":39},"skip":true}]},"20":{"line":288,"type":"if","locations":[{"start":{"line":288,"column":8},"end":{"line":288,"column":8},"skip":true},{"start":{"line":288,"column":8},"end":{"line":288,"column":8},"skip":true}]},"21":{"line":288,"type":"binary-expr","locations":[{"start":{"line":288,"column":12},"end":{"line":288,"column":40},"skip":true},{"start":{"line":288,"column":44},"end":{"line":288,"column":67},"skip":true}]},"22":{"line":292,"type":"binary-expr","locations":[{"start":{"line":292,"column":12},"end":{"line":292,"column":50},"skip":true},{"start":{"line":293,"column":12},"end":{"line":293,"column":53},"skip":true}]},"23":{"line":295,"type":"binary-expr","locations":[{"start":{"line":295,"column":12},"end":{"line":295,"column":67},"skip":true},{"start":{"line":296,"column":12},"end":{"line":301,"column":36},"skip":true}]},"24":{"line":302,"type":"binary-expr","locations":[{"start":{"line":302,"column":43},"end":{"line":302,"column":75},"skip":true},{"start":{"line":302,"column":79},"end":{"line":302,"column":81},"skip":true}]},"25":{"line":305,"type":"if","locations":[{"start":{"line":305,"column":8},"end":{"line":305,"column":8},"skip":true},{"start":{"line":305,"column":8},"end":{"line":305,"column":8},"skip":true}]},"26":{"line":309,"type":"if","locations":[{"start":{"line":309,"column":8},"end":{"line":309,"column":8},"skip":true},{"start":{"line":309,"column":8},"end":{"line":309,"column":8},"skip":true}]},"27":{"line":312,"type":"binary-expr","locations":[{"start":{"line":312,"column":27},"end":{"line":312,"column":43},"skip":true},{"start":{"line":312,"column":47},"end":{"line":312,"column":53},"skip":true}]},"28":{"line":316,"type":"if","locations":[{"start":{"line":316,"column":12},"end":{"line":316,"column":12},"skip":true},{"start":{"line":316,"column":12},"end":{"line":316,"column":12},"skip":true}]}},"code":["/*","example.js","","quickstart example","","instruction","    1. save this script as example.js","    2. run the shell command:","        $ npm install npmtest-crypto-js && PORT=8081 node example.js","    3. play with the browser-demo on http://127.0.0.1:8081","*/","","","","/* istanbul instrument in package npmtest_crypto_js */","/*jslint","    bitwise: true,","    browser: true,","    maxerr: 8,","    maxlen: 96,","    node: true,","    nomen: true,","    regexp: true,","    stupid: true","*/","(function () {","    'use strict';","    var local;","","","","    // run shared js-env code - pre-init","    (function () {","        // init local","        local = {};","        // init modeJs","        local.modeJs = (function () {","            try {","                return typeof navigator.userAgent === 'string' &&","                    typeof document.querySelector('body') === 'object' &&","                    typeof XMLHttpRequest.prototype.open === 'function' &&","                    'browser';","            } catch (errorCaughtBrowser) {","                return module.exports &&","                    typeof process.versions.node === 'string' &&","                    typeof require('http').createServer === 'function' &&","                    'node';","            }","        }());","        // init global","        local.global = local.modeJs === 'browser'","            ? window","            : global;","        // init utility2_rollup","        local = local.global.utility2_rollup || (local.modeJs === 'browser'","            ? local.global.utility2_npmtest_crypto_js","            : global.utility2_moduleExports);","        // export local","        local.global.local = local;","    }());","    switch (local.modeJs) {","","","","    // post-init","    // run browser js-env code - post-init","    /* istanbul ignore next */","    case 'browser':","        local.testRunBrowser = function (event) {","            if (!event || (event &&","                    event.currentTarget &&","                    event.currentTarget.className &&","                    event.currentTarget.className.includes &&","                    event.currentTarget.className.includes('onreset'))) {","                // reset output","                Array.from(","                    document.querySelectorAll('body > .resettable')","                ).forEach(function (element) {","                    switch (element.tagName) {","                    case 'INPUT':","                    case 'TEXTAREA':","                        element.value = '';","                        break;","                    default:","                        element.textContent = '';","                    }","                });","            }","            switch (event && event.currentTarget && event.currentTarget.id) {","            case 'testRunButton1':","                // show tests","                if (document.querySelector('#testReportDiv1').style.display === 'none') {","                    document.querySelector('#testReportDiv1').style.display = 'block';","                    document.querySelector('#testRunButton1').textContent =","                        'hide internal test';","                    local.modeTest = true;","                    local.testRunDefault(local);","                // hide tests","                } else {","                    document.querySelector('#testReportDiv1').style.display = 'none';","                    document.querySelector('#testRunButton1').textContent = 'run internal test';","                }","                break;","            // custom-case","            default:","                break;","            }","            if (document.querySelector('#inputTextareaEval1') && (!event || (event &&","                    event.currentTarget &&","                    event.currentTarget.className &&","                    event.currentTarget.className.includes &&","                    event.currentTarget.className.includes('oneval')))) {","                // try to eval input-code","                try {","                    /*jslint evil: true*/","                    eval(document.querySelector('#inputTextareaEval1').value);","                } catch (errorCaught) {","                    console.error(errorCaught.stack);","                }","            }","        };","        // log stderr and stdout to #outputTextareaStdout1","        ['error', 'log'].forEach(function (key) {","            console[key + '_original'] = console[key];","            console[key] = function () {","                var element;","                console[key + '_original'].apply(console, arguments);","                element = document.querySelector('#outputTextareaStdout1');","                if (!element) {","                    return;","                }","                // append text to #outputTextareaStdout1","                element.value += Array.from(arguments).map(function (arg) {","                    return typeof arg === 'string'","                        ? arg","                        : JSON.stringify(arg, null, 4);","                }).join(' ') + '\\n';","                // scroll textarea to bottom","                element.scrollTop = element.scrollHeight;","            };","        });","        // init event-handling","        ['change', 'click', 'keyup'].forEach(function (event) {","            Array.from(document.querySelectorAll('.on' + event)).forEach(function (element) {","                element.addEventListener(event, local.testRunBrowser);","            });","        });","        // run tests","        local.testRunBrowser();","        break;","","","","    // run node js-env code - post-init","    /* istanbul ignore next */","    case 'node':","        // export local","        module.exports = local;","        // require modules","        local.fs = require('fs');","        local.http = require('http');","        local.url = require('url');","        // init assets","        local.assetsDict = local.assetsDict || {};","        /* jslint-ignore-begin */","        local.assetsDict['/assets.index.template.html'] = '\\","<!doctype html>\\n\\","<html lang=\"en\">\\n\\","<head>\\n\\","<meta charset=\"UTF-8\">\\n\\","<meta name=\"viewport\" content=\"width=device-width, initial-scale=1\">\\n\\","<title>{{env.npm_package_name}} (v{{env.npm_package_version}})</title>\\n\\","<style>\\n\\","/*csslint\\n\\","    box-sizing: false,\\n\\","    universal-selector: false\\n\\","*/\\n\\","* {\\n\\","    box-sizing: border-box;\\n\\","}\\n\\","body {\\n\\","    background: #dde;\\n\\","    font-family: Arial, Helvetica, sans-serif;\\n\\","    margin: 2rem;\\n\\","}\\n\\","body > * {\\n\\","    margin-bottom: 1rem;\\n\\","}\\n\\",".utility2FooterDiv {\\n\\","    margin-top: 20px;\\n\\","    text-align: center;\\n\\","}\\n\\","</style>\\n\\","<style>\\n\\","/*csslint\\n\\","*/\\n\\","textarea {\\n\\","    font-family: monospace;\\n\\","    height: 10rem;\\n\\","    width: 100%;\\n\\","}\\n\\","textarea[readonly] {\\n\\","    background: #ddd;\\n\\","}\\n\\","</style>\\n\\","</head>\\n\\","<body>\\n\\","<!-- utility2-comment\\n\\","<div id=\"ajaxProgressDiv1\" style=\"background: #d00; height: 2px; left: 0; margin: 0; padding: 0; position: fixed; top: 0; transition: background 0.5s, width 1.5s; width: 25%;\"></div>\\n\\","utility2-comment -->\\n\\","<h1>\\n\\","<!-- utility2-comment\\n\\","    <a\\n\\","        {{#if env.npm_package_homepage}}\\n\\","        href=\"{{env.npm_package_homepage}}\"\\n\\","        {{/if env.npm_package_homepage}}\\n\\","        target=\"_blank\"\\n\\","    >\\n\\","utility2-comment -->\\n\\","        {{env.npm_package_name}} (v{{env.npm_package_version}})\\n\\","<!-- utility2-comment\\n\\","    </a>\\n\\","utility2-comment -->\\n\\","</h1>\\n\\","<h3>{{env.npm_package_description}}</h3>\\n\\","<!-- utility2-comment\\n\\","<h4><a download href=\"assets.app.js\">download standalone app</a></h4>\\n\\","<button class=\"onclick onreset\" id=\"testRunButton1\">run internal test</button><br>\\n\\","<div id=\"testReportDiv1\" style=\"display: none;\"></div>\\n\\","utility2-comment -->\\n\\","\\n\\","\\n\\","\\n\\","<label>stderr and stdout</label>\\n\\","<textarea class=\"resettable\" id=\"outputTextareaStdout1\" readonly></textarea>\\n\\","<!-- utility2-comment\\n\\","{{#if isRollup}}\\n\\","<script src=\"assets.app.js\"></script>\\n\\","{{#unless isRollup}}\\n\\","utility2-comment -->\\n\\","<script src=\"assets.utility2.rollup.js\"></script>\\n\\","<script src=\"jsonp.utility2._stateInit?callback=window.utility2._stateInit\"></script>\\n\\","<script src=\"assets.npmtest_crypto_js.rollup.js\"></script>\\n\\","<script src=\"assets.example.js\"></script>\\n\\","<script src=\"assets.test.js\"></script>\\n\\","<!-- utility2-comment\\n\\","{{/if isRollup}}\\n\\","utility2-comment -->\\n\\","<div class=\"utility2FooterDiv\">\\n\\","    [ this app was created with\\n\\","    <a href=\"https://github.com/kaizhu256/node-utility2\" target=\"_blank\">utility2</a>\\n\\","    ]\\n\\","</div>\\n\\","</body>\\n\\","</html>\\n\\","';","        /* jslint-ignore-end */","        if (local.templateRender) {","            local.assetsDict['/'] = local.templateRender(","                local.assetsDict['/assets.index.template.html'],","                {","                    env: local.objectSetDefault(local.env, {","                        npm_package_description: 'the greatest app in the world!',","                        npm_package_name: 'my-app',","                        npm_package_nameAlias: 'my_app',","                        npm_package_version: '0.0.1'","                    })","                }","            );","        } else {","            local.assetsDict['/'] = local.assetsDict['/assets.index.template.html']","                .replace((/\\{\\{env\\.(\\w+?)\\}\\}/g), function (match0, match1) {","                    // jslint-hack","                    String(match0);","                    switch (match1) {","                    case 'npm_package_description':","                        return 'the greatest app in the world!';","                    case 'npm_package_name':","                        return 'my-app';","                    case 'npm_package_nameAlias':","                        return 'my_app';","                    case 'npm_package_version':","                        return '0.0.1';","                    }","                });","        }","        // run the cli","        if (local.global.utility2_rollup || module !== require.main) {","            break;","        }","        local.assetsDict['/assets.example.js'] =","            local.assetsDict['/assets.example.js'] ||","            local.fs.readFileSync(__filename, 'utf8');","        local.assetsDict['/assets.npmtest_crypto_js.rollup.js'] =","            local.assetsDict['/assets.npmtest_crypto_js.rollup.js'] ||","            local.fs.readFileSync(","                // buildCustomOrg-hack","                local.npmtest_crypto_js.__dirname +","                    '/lib.npmtest_crypto_js.js',","                'utf8'","            ).replace((/^#!/), '//');","        local.assetsDict['/favicon.ico'] = local.assetsDict['/favicon.ico'] || '';","        // if $npm_config_timeout_exit exists,","        // then exit this process after $npm_config_timeout_exit ms","        if (Number(process.env.npm_config_timeout_exit)) {","            setTimeout(process.exit, Number(process.env.npm_config_timeout_exit));","        }","        // start server","        if (local.global.utility2_serverHttp1) {","            break;","        }","        process.env.PORT = process.env.PORT || '8081';","        console.error('server starting on port ' + process.env.PORT);","        local.http.createServer(function (request, response) {","            request.urlParsed = local.url.parse(request.url);","            if (local.assetsDict[request.urlParsed.pathname] !== undefined) {","                response.end(local.assetsDict[request.urlParsed.pathname]);","                return;","            }","            response.statusCode = 404;","            response.end();","        }).listen(process.env.PORT);","        break;","    }","}());",""],"l":{"26":2,"28":2,"33":2,"35":2,"37":2,"38":2,"39":2,"44":1,"51":2,"55":2,"59":2,"61":2,"69":1,"70":2,"76":2,"79":2,"82":2,"83":2,"85":1,"89":2,"92":1,"93":1,"94":1,"96":1,"97":1,"100":1,"101":1,"103":1,"106":1,"108":2,"114":1,"116":1,"118":1,"123":1,"124":2,"125":2,"126":2,"127":2,"128":2,"129":2,"130":1,"133":2,"134":2,"139":2,"143":1,"144":3,"145":1,"149":1,"150":1,"158":1,"160":1,"161":1,"162":1,"164":1,"166":1,"258":1,"259":1,"271":1,"274":6,"275":6,"277":1,"279":2,"281":1,"283":2,"288":1,"289":1,"291":1,"294":1,"302":1,"305":1,"306":1,"309":1,"310":1,"312":1,"313":1,"314":1,"315":1,"316":1,"317":1,"318":1,"320":1,"321":1,"323":1}},"/home/travis/build/npmtest/node-npmtest-crypto-js/crypto-js/index.js":{"path":"/home/travis/build/npmtest/node-npmtest-crypto-js/crypto-js/index.js","s":{"1":1,"2":1,"3":1,"4":0,"5":0,"6":0,"7":1},"b":{"1":[1,0],"2":[0,0],"3":[0,0]},"f":{"1":1,"2":1},"fnMap":{"1":{"name":"(anonymous_1)","line":1,"loc":{"start":{"line":1,"column":2},"end":{"line":1,"column":34}}},"2":{"name":"(anonymous_2)","line":14,"loc":{"start":{"line":14,"column":8},"end":{"line":14,"column":28}}}},"statementMap":{"1":{"start":{"line":1,"column":1},"end":{"line":18,"column":4}},"2":{"start":{"line":2,"column":1},"end":{"line":13,"column":2}},"3":{"start":{"line":4,"column":2},"end":{"line":4,"column":805}},"4":{"start":{"line":6,"column":6},"end":{"line":13,"column":2}},"5":{"start":{"line":8,"column":2},"end":{"line":8,"column":491}},"6":{"start":{"line":12,"column":2},"end":{"line":12,"column":41}},"7":{"start":{"line":16,"column":1},"end":{"line":16,"column":17}}},"branchMap":{"1":{"line":2,"type":"if","locations":[{"start":{"line":2,"column":1},"end":{"line":2,"column":1}},{"start":{"line":2,"column":1},"end":{"line":2,"column":1}}]},"2":{"line":6,"type":"if","locations":[{"start":{"line":6,"column":6},"end":{"line":6,"column":6}},{"start":{"line":6,"column":6},"end":{"line":6,"column":6}}]},"3":{"line":6,"type":"binary-expr","locations":[{"start":{"line":6,"column":10},"end":{"line":6,"column":38}},{"start":{"line":6,"column":42},"end":{"line":6,"column":52}}]}},"code":[";(function (root, factory, undef) {","\tif (typeof exports === \"object\") {","\t\t// CommonJS","\t\tmodule.exports = exports = factory(require(\"./core\"), require(\"./x64-core\"), require(\"./lib-typedarrays\"), require(\"./enc-utf16\"), require(\"./enc-base64\"), require(\"./md5\"), require(\"./sha1\"), require(\"./sha256\"), require(\"./sha224\"), require(\"./sha512\"), require(\"./sha384\"), require(\"./sha3\"), require(\"./ripemd160\"), require(\"./hmac\"), require(\"./pbkdf2\"), require(\"./evpkdf\"), require(\"./cipher-core\"), require(\"./mode-cfb\"), require(\"./mode-ctr\"), require(\"./mode-ctr-gladman\"), require(\"./mode-ofb\"), require(\"./mode-ecb\"), require(\"./pad-ansix923\"), require(\"./pad-iso10126\"), require(\"./pad-iso97971\"), require(\"./pad-zeropadding\"), require(\"./pad-nopadding\"), require(\"./format-hex\"), require(\"./aes\"), require(\"./tripledes\"), require(\"./rc4\"), require(\"./rabbit\"), require(\"./rabbit-legacy\"));","\t}","\telse if (typeof define === \"function\" && define.amd) {","\t\t// AMD","\t\tdefine([\"./core\", \"./x64-core\", \"./lib-typedarrays\", \"./enc-utf16\", \"./enc-base64\", \"./md5\", \"./sha1\", \"./sha256\", \"./sha224\", \"./sha512\", \"./sha384\", \"./sha3\", \"./ripemd160\", \"./hmac\", \"./pbkdf2\", \"./evpkdf\", \"./cipher-core\", \"./mode-cfb\", \"./mode-ctr\", \"./mode-ctr-gladman\", \"./mode-ofb\", \"./mode-ecb\", \"./pad-ansix923\", \"./pad-iso10126\", \"./pad-iso97971\", \"./pad-zeropadding\", \"./pad-nopadding\", \"./format-hex\", \"./aes\", \"./tripledes\", \"./rc4\", \"./rabbit\", \"./rabbit-legacy\"], factory);","\t}","\telse {","\t\t// Global (browser)","\t\troot.CryptoJS = factory(root.CryptoJS);","\t}","}(this, function (CryptoJS) {","","\treturn CryptoJS;","","}));"],"l":{"1":1,"2":1,"4":1,"6":0,"8":0,"12":0,"16":1}},"/home/travis/build/npmtest/node-npmtest-crypto-js/crypto-js/core.js":{"path":"/home/travis/build/npmtest/node-npmtest-crypto-js/crypto-js/core.js","s":{"1":1,"2":1,"3":1,"4":0,"5":0,"6":0,"7":1,"8":1,"9":1,"10":0,"11":0,"12":0,"13":0,"14":0,"15":0,"16":1,"17":1,"18":1,"19":1,"20":269,"21":269,"22":46,"23":269,"24":259,"25":215,"26":269,"27":269,"28":269,"29":215,"30":215,"31":215,"32":46,"33":147,"34":147,"35":46,"36":2,"37":0,"38":1,"39":6,"40":6,"41":0,"42":6,"43":0,"44":0,"45":0,"46":0,"47":0,"48":0,"49":0,"50":0,"51":0,"52":0,"53":0,"54":0,"55":0,"56":0,"57":0,"58":0,"59":0,"60":0,"61":0,"62":0,"63":0,"64":0,"65":0,"66":0,"67":0,"68":0,"69":0,"70":0,"71":0,"72":0,"73":0,"74":0,"75":0,"76":0,"77":0,"78":0,"79":0,"80":0,"81":1,"82":1,"83":0,"84":0,"85":0,"86":0,"87":0,"88":0,"89":0,"90":0,"91":0,"92":0,"93":0,"94":0,"95":0,"96":1,"97":0,"98":0,"99":0,"100":0,"101":0,"102":0,"103":0,"104":0,"105":0,"106":0,"107":0,"108":0,"109":1,"110":0,"111":0,"112":0,"113":0,"114":1,"115":0,"116":0,"117":0,"118":0,"119":0,"120":0,"121":0,"122":0,"123":0,"124":0,"125":0,"126":0,"127":0,"128":0,"129":0,"130":0,"131":0,"132":0,"133":0,"134":0,"135":0,"136":0,"137":0,"138":0,"139":0,"140":0,"141":1,"142":0,"143":0,"144":0,"145":0,"146":0,"147":0,"148":0,"149":0,"150":0,"151":0,"152":0,"153":8,"154":0,"155":8,"156":0,"157":1,"158":1,"159":1},"b":{"1":[1,0],"2":[0,0],"3":[0,0],"4":[1,1],"5":[1,0],"6":[46,223],"7":[259,10],"8":[269,10],"9":[147,0],"10":[2,44],"11":[6,0],"12":[0,6],"13":[0,0],"14":[0,0],"15":[0,0],"16":[0,0],"17":[0,0],"18":[0,0],"19":[0,0],"20":[0,0]},"f":{"1":1,"2":1,"3":1,"4":0,"5":0,"6":0,"7":1,"8":269,"9":215,"10":215,"11":0,"12":46,"13":0,"14":6,"15":0,"16":0,"17":0,"18":0,"19":0,"20":0,"21":0,"22":0,"23":0,"24":0,"25":0,"26":0,"27":0,"28":0,"29":0,"30":0,"31":0,"32":0,"33":0,"34":0,"35":0,"36":8,"37":0,"38":8,"39":0},"fnMap":{"1":{"name":"(anonymous_1)","line":1,"loc":{"start":{"line":1,"column":2},"end":{"line":1,"column":27}}},"2":{"name":"(anonymous_2)","line":14,"loc":{"start":{"line":14,"column":8},"end":{"line":14,"column":20}}},"3":{"name":"(anonymous_3)","line":19,"loc":{"start":{"line":19,"column":29},"end":{"line":19,"column":56}}},"4":{"name":"(anonymous_4)","line":23,"loc":{"start":{"line":23,"column":36},"end":{"line":23,"column":48}}},"5":{"name":"F","line":24,"loc":{"start":{"line":24,"column":9},"end":{"line":24,"column":22}}},"6":{"name":"(anonymous_6)","line":26,"loc":{"start":{"line":26,"column":16},"end":{"line":26,"column":31}}},"7":{"name":"(anonymous_7)","line":52,"loc":{"start":{"line":52,"column":30},"end":{"line":52,"column":42}}},"8":{"name":"(anonymous_8)","line":74,"loc":{"start":{"line":74,"column":21},"end":{"line":74,"column":42}}},"9":{"name":"(anonymous_9)","line":85,"loc":{"start":{"line":85,"column":36},"end":{"line":85,"column":48}}},"10":{"name":"(anonymous_10)","line":111,"loc":{"start":{"line":111,"column":21},"end":{"line":111,"column":33}}},"11":{"name":"(anonymous_11)","line":130,"loc":{"start":{"line":130,"column":19},"end":{"line":130,"column":31}}},"12":{"name":"(anonymous_12)","line":144,"loc":{"start":{"line":144,"column":20},"end":{"line":144,"column":42}}},"13":{"name":"(anonymous_13)","line":166,"loc":{"start":{"line":166,"column":20},"end":{"line":166,"column":32}}},"14":{"name":"(anonymous_14)","line":191,"loc":{"start":{"line":191,"column":15},"end":{"line":191,"column":42}}},"15":{"name":"(anonymous_15)","line":214,"loc":{"start":{"line":214,"column":19},"end":{"line":214,"column":38}}},"16":{"name":"(anonymous_16)","line":229,"loc":{"start":{"line":229,"column":17},"end":{"line":229,"column":38}}},"17":{"name":"(anonymous_17)","line":265,"loc":{"start":{"line":265,"column":16},"end":{"line":265,"column":28}}},"18":{"name":"(anonymous_18)","line":284,"loc":{"start":{"line":284,"column":16},"end":{"line":284,"column":28}}},"19":{"name":"(anonymous_19)","line":304,"loc":{"start":{"line":304,"column":17},"end":{"line":304,"column":35}}},"20":{"name":"(anonymous_20)","line":307,"loc":{"start":{"line":307,"column":22},"end":{"line":307,"column":37}}},"21":{"name":"(anonymous_21)","line":312,"loc":{"start":{"line":312,"column":24},"end":{"line":312,"column":36}}},"22":{"name":"(anonymous_22)","line":355,"loc":{"start":{"line":355,"column":20},"end":{"line":355,"column":41}}},"23":{"name":"(anonymous_23)","line":384,"loc":{"start":{"line":384,"column":16},"end":{"line":384,"column":34}}},"24":{"name":"(anonymous_24)","line":415,"loc":{"start":{"line":415,"column":20},"end":{"line":415,"column":41}}},"25":{"name":"(anonymous_25)","line":443,"loc":{"start":{"line":443,"column":16},"end":{"line":443,"column":37}}},"26":{"name":"(anonymous_26)","line":474,"loc":{"start":{"line":474,"column":20},"end":{"line":474,"column":41}}},"27":{"name":"(anonymous_27)","line":495,"loc":{"start":{"line":495,"column":16},"end":{"line":495,"column":35}}},"28":{"name":"(anonymous_28)","line":515,"loc":{"start":{"line":515,"column":16},"end":{"line":515,"column":28}}},"29":{"name":"(anonymous_29)","line":531,"loc":{"start":{"line":531,"column":18},"end":{"line":531,"column":34}}},"30":{"name":"(anonymous_30)","line":556,"loc":{"start":{"line":556,"column":19},"end":{"line":556,"column":38}}},"31":{"name":"(anonymous_31)","line":606,"loc":{"start":{"line":606,"column":16},"end":{"line":606,"column":28}}},"32":{"name":"(anonymous_32)","line":636,"loc":{"start":{"line":636,"column":15},"end":{"line":636,"column":30}}},"33":{"name":"(anonymous_33)","line":651,"loc":{"start":{"line":651,"column":16},"end":{"line":651,"column":28}}},"34":{"name":"(anonymous_34)","line":671,"loc":{"start":{"line":671,"column":17},"end":{"line":671,"column":42}}},"35":{"name":"(anonymous_35)","line":696,"loc":{"start":{"line":696,"column":19},"end":{"line":696,"column":44}}},"36":{"name":"(anonymous_36)","line":723,"loc":{"start":{"line":723,"column":24},"end":{"line":723,"column":42}}},"37":{"name":"(anonymous_37)","line":724,"loc":{"start":{"line":724,"column":20},"end":{"line":724,"column":44}}},"38":{"name":"(anonymous_38)","line":742,"loc":{"start":{"line":742,"column":28},"end":{"line":742,"column":46}}},"39":{"name":"(anonymous_39)","line":743,"loc":{"start":{"line":743,"column":20},"end":{"line":743,"column":44}}}},"statementMap":{"1":{"start":{"line":1,"column":1},"end":{"line":760,"column":4}},"2":{"start":{"line":2,"column":1},"end":{"line":13,"column":2}},"3":{"start":{"line":4,"column":2},"end":{"line":4,"column":39}},"4":{"start":{"line":6,"column":6},"end":{"line":13,"column":2}},"5":{"start":{"line":8,"column":2},"end":{"line":8,"column":22}},"6":{"start":{"line":12,"column":2},"end":{"line":12,"column":28}},"7":{"start":{"line":19,"column":1},"end":{"line":755,"column":10}},"8":{"start":{"line":23,"column":5},"end":{"line":37,"column":9}},"9":{"start":{"line":24,"column":9},"end":{"line":24,"column":24}},"10":{"start":{"line":26,"column":9},"end":{"line":36,"column":11}},"11":{"start":{"line":27,"column":13},"end":{"line":27,"column":25}},"12":{"start":{"line":29,"column":13},"end":{"line":29,"column":31}},"13":{"start":{"line":31,"column":13},"end":{"line":31,"column":31}},"14":{"start":{"line":33,"column":13},"end":{"line":33,"column":32}},"15":{"start":{"line":35,"column":13},"end":{"line":35,"column":28}},"16":{"start":{"line":42,"column":5},"end":{"line":42,"column":16}},"17":{"start":{"line":47,"column":5},"end":{"line":47,"column":28}},"18":{"start":{"line":52,"column":5},"end":{"line":170,"column":10}},"19":{"start":{"line":55,"column":9},"end":{"line":169,"column":11}},"20":{"start":{"line":76,"column":17},"end":{"line":76,"column":44}},"21":{"start":{"line":79,"column":17},"end":{"line":81,"column":18}},"22":{"start":{"line":80,"column":21},"end":{"line":80,"column":46}},"23":{"start":{"line":84,"column":17},"end":{"line":88,"column":18}},"24":{"start":{"line":85,"column":21},"end":{"line":87,"column":23}},"25":{"start":{"line":86,"column":25},"end":{"line":86,"column":68}},"26":{"start":{"line":91,"column":17},"end":{"line":91,"column":50}},"27":{"start":{"line":94,"column":17},"end":{"line":94,"column":39}},"28":{"start":{"line":96,"column":17},"end":{"line":96,"column":32}},"29":{"start":{"line":112,"column":17},"end":{"line":112,"column":46}},"30":{"start":{"line":113,"column":17},"end":{"line":113,"column":58}},"31":{"start":{"line":115,"column":17},"end":{"line":115,"column":33}},"32":{"start":{"line":145,"column":17},"end":{"line":149,"column":18}},"33":{"start":{"line":146,"column":21},"end":{"line":148,"column":22}},"34":{"start":{"line":147,"column":25},"end":{"line":147,"column":71}},"35":{"start":{"line":152,"column":17},"end":{"line":154,"column":18}},"36":{"start":{"line":153,"column":21},"end":{"line":153,"column":57}},"37":{"start":{"line":167,"column":17},"end":{"line":167,"column":57}},"38":{"start":{"line":178,"column":5},"end":{"line":331,"column":8}},"39":{"start":{"line":192,"column":13},"end":{"line":192,"column":46}},"40":{"start":{"line":194,"column":13},"end":{"line":198,"column":14}},"41":{"start":{"line":195,"column":17},"end":{"line":195,"column":42}},"42":{"start":{"line":197,"column":17},"end":{"line":197,"column":50}},"43":{"start":{"line":215,"column":13},"end":{"line":215,"column":53}},"44":{"start":{"line":231,"column":13},"end":{"line":231,"column":40}},"45":{"start":{"line":232,"column":13},"end":{"line":232,"column":45}},"46":{"start":{"line":233,"column":13},"end":{"line":233,"column":46}},"47":{"start":{"line":234,"column":13},"end":{"line":234,"column":51}},"48":{"start":{"line":237,"column":13},"end":{"line":237,"column":26}},"49":{"start":{"line":240,"column":13},"end":{"line":251,"column":14}},"50":{"start":{"line":242,"column":17},"end":{"line":245,"column":18}},"51":{"start":{"line":243,"column":21},"end":{"line":243,"column":87}},"52":{"start":{"line":244,"column":21},"end":{"line":244,"column":108}},"53":{"start":{"line":248,"column":17},"end":{"line":250,"column":18}},"54":{"start":{"line":249,"column":21},"end":{"line":249,"column":78}},"55":{"start":{"line":252,"column":13},"end":{"line":252,"column":43}},"56":{"start":{"line":255,"column":13},"end":{"line":255,"column":25}},"57":{"start":{"line":267,"column":13},"end":{"line":267,"column":36}},"58":{"start":{"line":268,"column":13},"end":{"line":268,"column":42}},"59":{"start":{"line":271,"column":13},"end":{"line":271,"column":78}},"60":{"start":{"line":272,"column":13},"end":{"line":272,"column":52}},"61":{"start":{"line":285,"column":13},"end":{"line":285,"column":47}},"62":{"start":{"line":286,"column":13},"end":{"line":286,"column":47}},"63":{"start":{"line":288,"column":13},"end":{"line":288,"column":26}},"64":{"start":{"line":305,"column":13},"end":{"line":305,"column":28}},"65":{"start":{"line":307,"column":13},"end":{"line":320,"column":16}},"66":{"start":{"line":308,"column":17},"end":{"line":308,"column":31}},"67":{"start":{"line":309,"column":17},"end":{"line":309,"column":38}},"68":{"start":{"line":310,"column":17},"end":{"line":310,"column":39}},"69":{"start":{"line":312,"column":17},"end":{"line":319,"column":18}},"70":{"start":{"line":313,"column":21},"end":{"line":313,"column":76}},"71":{"start":{"line":314,"column":21},"end":{"line":314,"column":76}},"72":{"start":{"line":315,"column":21},"end":{"line":315,"column":63}},"73":{"start":{"line":316,"column":21},"end":{"line":316,"column":43}},"74":{"start":{"line":317,"column":21},"end":{"line":317,"column":35}},"75":{"start":{"line":318,"column":21},"end":{"line":318,"column":67}},"76":{"start":{"line":322,"column":13},"end":{"line":327,"column":14}},"77":{"start":{"line":323,"column":17},"end":{"line":323,"column":69}},"78":{"start":{"line":325,"column":17},"end":{"line":325,"column":44}},"79":{"start":{"line":326,"column":17},"end":{"line":326,"column":54}},"80":{"start":{"line":329,"column":13},"end":{"line":329,"column":54}},"81":{"start":{"line":336,"column":5},"end":{"line":336,"column":28}},"82":{"start":{"line":341,"column":5},"end":{"line":396,"column":7}},"83":{"start":{"line":357,"column":13},"end":{"line":357,"column":41}},"84":{"start":{"line":358,"column":13},"end":{"line":358,"column":47}},"85":{"start":{"line":361,"column":13},"end":{"line":361,"column":31}},"86":{"start":{"line":362,"column":13},"end":{"line":366,"column":14}},"87":{"start":{"line":363,"column":17},"end":{"line":363,"column":75}},"88":{"start":{"line":364,"column":17},"end":{"line":364,"column":58}},"89":{"start":{"line":365,"column":17},"end":{"line":365,"column":59}},"90":{"start":{"line":368,"column":13},"end":{"line":368,"column":38}},"91":{"start":{"line":386,"column":13},"end":{"line":386,"column":46}},"92":{"start":{"line":389,"column":13},"end":{"line":389,"column":28}},"93":{"start":{"line":390,"column":13},"end":{"line":392,"column":14}},"94":{"start":{"line":391,"column":17},"end":{"line":391,"column":91}},"95":{"start":{"line":394,"column":13},"end":{"line":394,"column":64}},"96":{"start":{"line":401,"column":5},"end":{"line":455,"column":7}},"97":{"start":{"line":417,"column":13},"end":{"line":417,"column":41}},"98":{"start":{"line":418,"column":13},"end":{"line":418,"column":47}},"99":{"start":{"line":421,"column":13},"end":{"line":421,"column":34}},"100":{"start":{"line":422,"column":13},"end":{"line":425,"column":14}},"101":{"start":{"line":423,"column":17},"end":{"line":423,"column":75}},"102":{"start":{"line":424,"column":17},"end":{"line":424,"column":61}},"103":{"start":{"line":427,"column":13},"end":{"line":427,"column":41}},"104":{"start":{"line":445,"column":13},"end":{"line":445,"column":52}},"105":{"start":{"line":448,"column":13},"end":{"line":448,"column":28}},"106":{"start":{"line":449,"column":13},"end":{"line":451,"column":14}},"107":{"start":{"line":450,"column":17},"end":{"line":450,"column":90}},"108":{"start":{"line":453,"column":13},"end":{"line":453,"column":63}},"109":{"start":{"line":460,"column":5},"end":{"line":498,"column":7}},"110":{"start":{"line":475,"column":13},"end":{"line":479,"column":14}},"111":{"start":{"line":476,"column":17},"end":{"line":476,"column":80}},"112":{"start":{"line":478,"column":17},"end":{"line":478,"column":57}},"113":{"start":{"line":496,"column":13},"end":{"line":496,"column":72}},"114":{"start":{"line":507,"column":5},"end":{"line":614,"column":8}},"115":{"start":{"line":517,"column":13},"end":{"line":517,"column":47}},"116":{"start":{"line":518,"column":13},"end":{"line":518,"column":34}},"117":{"start":{"line":533,"column":13},"end":{"line":535,"column":14}},"118":{"start":{"line":534,"column":17},"end":{"line":534,"column":41}},"119":{"start":{"line":538,"column":13},"end":{"line":538,"column":37}},"120":{"start":{"line":539,"column":13},"end":{"line":539,"column":47}},"121":{"start":{"line":558,"column":13},"end":{"line":558,"column":35}},"122":{"start":{"line":559,"column":13},"end":{"line":559,"column":40}},"123":{"start":{"line":560,"column":13},"end":{"line":560,"column":46}},"124":{"start":{"line":561,"column":13},"end":{"line":561,"column":44}},"125":{"start":{"line":562,"column":13},"end":{"line":562,"column":48}},"126":{"start":{"line":565,"column":13},"end":{"line":565,"column":62}},"127":{"start":{"line":566,"column":13},"end":{"line":573,"column":14}},"128":{"start":{"line":568,"column":17},"end":{"line":568,"column":56}},"129":{"start":{"line":572,"column":17},"end":{"line":572,"column":86}},"130":{"start":{"line":576,"column":13},"end":{"line":576,"column":56}},"131":{"start":{"line":579,"column":13},"end":{"line":579,"column":71}},"132":{"start":{"line":582,"column":13},"end":{"line":591,"column":14}},"133":{"start":{"line":583,"column":17},"end":{"line":586,"column":18}},"134":{"start":{"line":585,"column":21},"end":{"line":585,"column":61}},"135":{"start":{"line":589,"column":17},"end":{"line":589,"column":71}},"136":{"start":{"line":590,"column":17},"end":{"line":590,"column":46}},"137":{"start":{"line":594,"column":13},"end":{"line":594,"column":68}},"138":{"start":{"line":607,"column":13},"end":{"line":607,"column":47}},"139":{"start":{"line":608,"column":13},"end":{"line":608,"column":46}},"140":{"start":{"line":610,"column":13},"end":{"line":610,"column":26}},"141":{"start":{"line":621,"column":5},"end":{"line":747,"column":8}},"142":{"start":{"line":638,"column":13},"end":{"line":638,"column":45}},"143":{"start":{"line":641,"column":13},"end":{"line":641,"column":26}},"144":{"start":{"line":653,"column":13},"end":{"line":653,"column":53}},"145":{"start":{"line":656,"column":13},"end":{"line":656,"column":29}},"146":{"start":{"line":673,"column":13},"end":{"line":673,"column":41}},"147":{"start":{"line":676,"column":13},"end":{"line":676,"column":29}},"148":{"start":{"line":679,"column":13},"end":{"line":679,"column":25}},"149":{"start":{"line":698,"column":13},"end":{"line":700,"column":14}},"150":{"start":{"line":699,"column":17},"end":{"line":699,"column":45}},"151":{"start":{"line":703,"column":13},"end":{"line":703,"column":43}},"152":{"start":{"line":705,"column":13},"end":{"line":705,"column":25}},"153":{"start":{"line":724,"column":13},"end":{"line":726,"column":15}},"154":{"start":{"line":725,"column":17},"end":{"line":725,"column":63}},"155":{"start":{"line":743,"column":13},"end":{"line":745,"column":15}},"156":{"start":{"line":744,"column":17},"end":{"line":744,"column":76}},"157":{"start":{"line":752,"column":5},"end":{"line":752,"column":30}},"158":{"start":{"line":754,"column":5},"end":{"line":754,"column":14}},"159":{"start":{"line":758,"column":1},"end":{"line":758,"column":17}}},"branchMap":{"1":{"line":2,"type":"if","locations":[{"start":{"line":2,"column":1},"end":{"line":2,"column":1}},{"start":{"line":2,"column":1},"end":{"line":2,"column":1}}]},"2":{"line":6,"type":"if","locations":[{"start":{"line":6,"column":6},"end":{"line":6,"column":6}},{"start":{"line":6,"column":6},"end":{"line":6,"column":6}}]},"3":{"line":6,"type":"binary-expr","locations":[{"start":{"line":6,"column":10},"end":{"line":6,"column":38}},{"start":{"line":6,"column":42},"end":{"line":6,"column":52}}]},"4":{"line":19,"type":"binary-expr","locations":[{"start":{"line":19,"column":16},"end":{"line":19,"column":24}},{"start":{"line":19,"column":29},"end":{"line":755,"column":8}}]},"5":{"line":23,"type":"binary-expr","locations":[{"start":{"line":23,"column":18},"end":{"line":23,"column":31}},{"start":{"line":23,"column":36},"end":{"line":37,"column":8}}]},"6":{"line":79,"type":"if","locations":[{"start":{"line":79,"column":17},"end":{"line":79,"column":17}},{"start":{"line":79,"column":17},"end":{"line":79,"column":17}}]},"7":{"line":84,"type":"if","locations":[{"start":{"line":84,"column":17},"end":{"line":84,"column":17}},{"start":{"line":84,"column":17},"end":{"line":84,"column":17}}]},"8":{"line":84,"type":"binary-expr","locations":[{"start":{"line":84,"column":21},"end":{"line":84,"column":52}},{"start":{"line":84,"column":56},"end":{"line":84,"column":82}}]},"9":{"line":146,"type":"if","locations":[{"start":{"line":146,"column":21},"end":{"line":146,"column":21}},{"start":{"line":146,"column":21},"end":{"line":146,"column":21}}]},"10":{"line":152,"type":"if","locations":[{"start":{"line":152,"column":17},"end":{"line":152,"column":17}},{"start":{"line":152,"column":17},"end":{"line":152,"column":17}}]},"11":{"line":192,"type":"binary-expr","locations":[{"start":{"line":192,"column":34},"end":{"line":192,"column":39}},{"start":{"line":192,"column":43},"end":{"line":192,"column":45}}]},"12":{"line":194,"type":"if","locations":[{"start":{"line":194,"column":13},"end":{"line":194,"column":13}},{"start":{"line":194,"column":13},"end":{"line":194,"column":13}}]},"13":{"line":215,"type":"binary-expr","locations":[{"start":{"line":215,"column":21},"end":{"line":215,"column":28}},{"start":{"line":215,"column":32},"end":{"line":215,"column":35}}]},"14":{"line":240,"type":"if","locations":[{"start":{"line":240,"column":13},"end":{"line":240,"column":13}},{"start":{"line":240,"column":13},"end":{"line":240,"column":13}}]},"15":{"line":318,"type":"cond-expr","locations":[{"start":{"line":318,"column":59},"end":{"line":318,"column":60}},{"start":{"line":318,"column":63},"end":{"line":318,"column":65}}]},"16":{"line":323,"type":"binary-expr","locations":[{"start":{"line":323,"column":29},"end":{"line":323,"column":35}},{"start":{"line":323,"column":39},"end":{"line":323,"column":52}}]},"17":{"line":533,"type":"if","locations":[{"start":{"line":533,"column":13},"end":{"line":533,"column":13}},{"start":{"line":533,"column":13},"end":{"line":533,"column":13}}]},"18":{"line":566,"type":"if","locations":[{"start":{"line":566,"column":13},"end":{"line":566,"column":13}},{"start":{"line":566,"column":13},"end":{"line":566,"column":13}}]},"19":{"line":582,"type":"if","locations":[{"start":{"line":582,"column":13},"end":{"line":582,"column":13}},{"start":{"line":582,"column":13},"end":{"line":582,"column":13}}]},"20":{"line":698,"type":"if","locations":[{"start":{"line":698,"column":13},"end":{"line":698,"column":13}},{"start":{"line":698,"column":13},"end":{"line":698,"column":13}}]}},"code":[";(function (root, factory) {","\tif (typeof exports === \"object\") {","\t\t// CommonJS","\t\tmodule.exports = exports = factory();","\t}","\telse if (typeof define === \"function\" && define.amd) {","\t\t// AMD","\t\tdefine([], factory);","\t}","\telse {","\t\t// Global (browser)","\t\troot.CryptoJS = factory();","\t}","}(this, function () {","","\t/**","\t * CryptoJS core components.","\t */","\tvar CryptoJS = CryptoJS || (function (Math, undefined) {","\t    /*","\t     * Local polyfil of Object.create","\t     */","\t    var create = Object.create || (function () {","\t        function F() {};","","\t        return function (obj) {","\t            var subtype;","","\t            F.prototype = obj;","","\t            subtype = new F();","","\t            F.prototype = null;","","\t            return subtype;","\t        };","\t    }())","","\t    /**","\t     * CryptoJS namespace.","\t     */","\t    var C = {};","","\t    /**","\t     * Library namespace.","\t     */","\t    var C_lib = C.lib = {};","","\t    /**","\t     * Base object for prototypal inheritance.","\t     */","\t    var Base = C_lib.Base = (function () {","","","\t        return {","\t            /**","\t             * Creates a new object that inherits from this object.","\t             *","\t             * @param {Object} overrides Properties to copy into the new object.","\t             *","\t             * @return {Object} The new object.","\t             *","\t             * @static","\t             *","\t             * @example","\t             *","\t             *     var MyType = CryptoJS.lib.Base.extend({","\t             *         field: 'value',","\t             *","\t             *         method: function () {","\t             *         }","\t             *     });","\t             */","\t            extend: function (overrides) {","\t                // Spawn","\t                var subtype = create(this);","","\t                // Augment","\t                if (overrides) {","\t                    subtype.mixIn(overrides);","\t                }","","\t                // Create default initializer","\t                if (!subtype.hasOwnProperty('init') || this.init === subtype.init) {","\t                    subtype.init = function () {","\t                        subtype.$super.init.apply(this, arguments);","\t                    };","\t                }","","\t                // Initializer's prototype is the subtype object","\t                subtype.init.prototype = subtype;","","\t                // Reference supertype","\t                subtype.$super = this;","","\t                return subtype;","\t            },","","\t            /**","\t             * Extends this object and runs the init method.","\t             * Arguments to create() will be passed to init().","\t             *","\t             * @return {Object} The new object.","\t             *","\t             * @static","\t             *","\t             * @example","\t             *","\t             *     var instance = MyType.create();","\t             */","\t            create: function () {","\t                var instance = this.extend();","\t                instance.init.apply(instance, arguments);","","\t                return instance;","\t            },","","\t            /**","\t             * Initializes a newly created object.","\t             * Override this method to add some logic when your objects are created.","\t             *","\t             * @example","\t             *","\t             *     var MyType = CryptoJS.lib.Base.extend({","\t             *         init: function () {","\t             *             // ...","\t             *         }","\t             *     });","\t             */","\t            init: function () {","\t            },","","\t            /**","\t             * Copies properties into this object.","\t             *","\t             * @param {Object} properties The properties to mix in.","\t             *","\t             * @example","\t             *","\t             *     MyType.mixIn({","\t             *         field: 'value'","\t             *     });","\t             */","\t            mixIn: function (properties) {","\t                for (var propertyName in properties) {","\t                    if (properties.hasOwnProperty(propertyName)) {","\t                        this[propertyName] = properties[propertyName];","\t                    }","\t                }","","\t                // IE won't copy toString using the loop above","\t                if (properties.hasOwnProperty('toString')) {","\t                    this.toString = properties.toString;","\t                }","\t            },","","\t            /**","\t             * Creates a copy of this object.","\t             *","\t             * @return {Object} The clone.","\t             *","\t             * @example","\t             *","\t             *     var clone = instance.clone();","\t             */","\t            clone: function () {","\t                return this.init.prototype.extend(this);","\t            }","\t        };","\t    }());","","\t    /**","\t     * An array of 32-bit words.","\t     *","\t     * @property {Array} words The array of 32-bit words.","\t     * @property {number} sigBytes The number of significant bytes in this word array.","\t     */","\t    var WordArray = C_lib.WordArray = Base.extend({","\t        /**","\t         * Initializes a newly created word array.","\t         *","\t         * @param {Array} words (Optional) An array of 32-bit words.","\t         * @param {number} sigBytes (Optional) The number of significant bytes in the words.","\t         *","\t         * @example","\t         *","\t         *     var wordArray = CryptoJS.lib.WordArray.create();","\t         *     var wordArray = CryptoJS.lib.WordArray.create([0x00010203, 0x04050607]);","\t         *     var wordArray = CryptoJS.lib.WordArray.create([0x00010203, 0x04050607], 6);","\t         */","\t        init: function (words, sigBytes) {","\t            words = this.words = words || [];","","\t            if (sigBytes != undefined) {","\t                this.sigBytes = sigBytes;","\t            } else {","\t                this.sigBytes = words.length * 4;","\t            }","\t        },","","\t        /**","\t         * Converts this word array to a string.","\t         *","\t         * @param {Encoder} encoder (Optional) The encoding strategy to use. Default: CryptoJS.enc.Hex","\t         *","\t         * @return {string} The stringified word array.","\t         *","\t         * @example","\t         *","\t         *     var string = wordArray + '';","\t         *     var string = wordArray.toString();","\t         *     var string = wordArray.toString(CryptoJS.enc.Utf8);","\t         */","\t        toString: function (encoder) {","\t            return (encoder || Hex).stringify(this);","\t        },","","\t        /**","\t         * Concatenates a word array to this word array.","\t         *","\t         * @param {WordArray} wordArray The word array to append.","\t         *","\t         * @return {WordArray} This word array.","\t         *","\t         * @example","\t         *","\t         *     wordArray1.concat(wordArray2);","\t         */","\t        concat: function (wordArray) {","\t            // Shortcuts","\t            var thisWords = this.words;","\t            var thatWords = wordArray.words;","\t            var thisSigBytes = this.sigBytes;","\t            var thatSigBytes = wordArray.sigBytes;","","\t            // Clamp excess bits","\t            this.clamp();","","\t            // Concat","\t            if (thisSigBytes
[...]
(C[3] >>> 0) < (C_[3] >>> 0) ? 1 : 0)) | 0;","\t        C[5] = (C[5] + 0x34d34d34 + ((C[4] >>> 0) < (C_[4] >>> 0) ? 1 : 0)) | 0;","\t        C[6] = (C[6] + 0x4d34d34d + ((C[5] >>> 0) < (C_[5] >>> 0) ? 1 : 0)) | 0;","\t        C[7] = (C[7] + 0xd34d34d3 + ((C[6] >>> 0) < (C_[6] >>> 0) ? 1 : 0)) | 0;","\t        this._b = (C[7] >>> 0) < (C_[7] >>> 0) ? 1 : 0;","","\t        // Calculate the g-values","\t        for (var i = 0; i < 8; i++) {","\t            var gx = X[i] + C[i];","","\t            // Construct high and low argument for squaring","\t            var ga = gx & 0xffff;","\t            var gb = gx >>> 16;","","\t            // Calculate high and low result of squaring","\t            var gh = ((((ga * ga) >>> 17) + ga * gb) >>> 15) + gb * gb;","\t            var gl = (((gx & 0xffff0000) * gx) | 0) + (((gx & 0x0000ffff) * gx) | 0);","","\t            // High XOR low","\t            G[i] = gh ^ gl;","\t        }","","\t        // Calculate new state values","\t        X[0] = (G[0] + ((G[7] << 16) | (G[7] >>> 16)) + ((G[6] << 16) | (G[6] >>> 16))) | 0;","\t        X[1] = (G[1] + ((G[0] << 8)  | (G[0] >>> 24)) + G[7]) | 0;","\t        X[2] = (G[2] + ((G[1] << 16) | (G[1] >>> 16)) + ((G[0] << 16) | (G[0] >>> 16))) | 0;","\t        X[3] = (G[3] + ((G[2] << 8)  | (G[2] >>> 24)) + G[1]) | 0;","\t        X[4] = (G[4] + ((G[3] << 16) | (G[3] >>> 16)) + ((G[2] << 16) | (G[2] >>> 16))) | 0;","\t        X[5] = (G[5] + ((G[4] << 8)  | (G[4] >>> 24)) + G[3]) | 0;","\t        X[6] = (G[6] + ((G[5] << 16) | (G[5] >>> 16)) + ((G[4] << 16) | (G[4] >>> 16))) | 0;","\t        X[7] = (G[7] + ((G[6] << 8)  | (G[6] >>> 24)) + G[5]) | 0;","\t    }","","\t    /**","\t     * Shortcut functions to the cipher's object interface.","\t     *","\t     * @example","\t     *","\t     *     var ciphertext = CryptoJS.Rabbit.encrypt(message, key, cfg);","\t     *     var plaintext  = CryptoJS.Rabbit.decrypt(ciphertext, key, cfg);","\t     */","\t    C.Rabbit = StreamCipher._createHelper(Rabbit);","\t}());","","","\treturn CryptoJS.Rabbit;","","}));"],"l":{"1":1,"2":1,"4":1,"6":0,"8":0,"12":0,"16":1,"18":1,"19":1,"20":1,"21":1,"24":1,"25":1,"26":1,"31":1,"34":0,"35":0,"38":0,"39":0,"44":0,"52":0,"60":0,"63":0,"64":0,"68":0,"69":0,"73":0,"75":0,"76":0,"77":0,"80":0,"81":0,"82":0,"83":0,"86":0,"87":0,"88":0,"89":0,"90":0,"91":0,"92":0,"93":0,"96":0,"97":0,"104":0,"107":0,"110":0,"111":0,"112":0,"113":0,"115":0,"117":0,"121":0,"130":1,"132":0,"133":0,"136":0,"137":0,"141":0,"142":0,"143":0,"144":0,"145":0,"146":0,"147":0,"148":0,"149":0,"152":0,"153":0,"156":0,"157":0,"160":0,"161":0,"164":0,"168":0,"169":0,"170":0,"171":0,"172":0,"173":0,"174":0,"175":0,"186":1,"190":1}},"/home/travis/build/npmtest/node-npmtest-crypto-js/crypto-js/rabbit-legacy.js":{"path":"/home/travis/build/npmtest/node-npmtest-crypto-js/crypto-js/rabbit-legacy.js","s":{"1":1,"2":1,"3":1,"4":0,"5":0,"6":0,"7":1,"8":1,"9":1,"10":1,"11":1,"12":1,"13":1,"14":1,"15":1,"16":0,"17":0,"18":0,"19":0,"20":0,"21":0,"22":0,"23":0,"24":0,"25":0,"26":0,"27":0,"28":0,"29":0,"30":0,"31":0,"32":0,"33":0,"34":0,"35":0,"36":0,"37":0,"38":0,"39":0,"40":0,"41":0,"42":0,"43":0,"44":0,"45":0,"46":0,"47":0,"48":0,"49":0,"50":0,"51":0,"52":1,"53":0,"54":0,"55":0,"56":0,"57":0,"58":0,"59":0,"60":0,"61":0,"62":0,"63":0,"64":0,"65":0,"66":0,"67":0,"68":0,"69":0,"70":0,"71":0,"72":0,"73":0,"74":0,"75":0,"76":0,"77":0,"78":0,"79":0,"80":0,"81":1,"82":1},"b":{"1":[1,0],"2":[0,0],"3":[0,0],"4":[0,0],"5":[0,0],"6":[0,0],"7":[0,0],"8":[0,0],"9":[0,0],"10":[0,0],"11":[0,0],"12":[0,0]},"f":{"1":1,"2":1,"3":1,"4":0,"5":0,"6":0},"fnMap":{"1":{"name":"(anonymous_1)","line":1,"loc":{"start":{"line":1,"column":2},"end":{"line":1,"column":34}}},"2":{"name":"(anonymous_2)","line":14,"loc":{"start":{"line":14,"column":8},"end":{"line":14,"column":28}}},"3":{"name":"(anonymous_3)","line":16,"loc":{"start":{"line":16,"column":2},"end":{"line":16,"column":14}}},"4":{"name":"(anonymous_4)","line":36,"loc":{"start":{"line":36,"column":19},"end":{"line":36,"column":31}}},"5":{"name":"(anonymous_5)","line":100,"loc":{"start":{"line":100,"column":26},"end":{"line":100,"column":47}}},"6":{"name":"nextState","line":128,"loc":{"start":{"line":128,"column":5},"end":{"line":128,"column":26}}}},"statementMap":{"1":{"start":{"line":1,"column":1},"end":{"line":190,"column":4}},"2":{"start":{"line":2,"column":1},"end":{"line":13,"column":2}},"3":{"start":{"line":4,"column":2},"end":{"line":4,"column":146}},"4":{"start":{"line":6,"column":6},"end":{"line":13,"column":2}},"5":{"start":{"line":8,"column":2},"end":{"line":8,"column":84}},"6":{"start":{"line":12,"column":2},"end":{"line":12,"column":25}},"7":{"start":{"line":16,"column":1},"end":{"line":185,"column":6}},"8":{"start":{"line":18,"column":5},"end":{"line":18,"column":22}},"9":{"start":{"line":19,"column":5},"end":{"line":19,"column":23}},"10":{"start":{"line":20,"column":5},"end":{"line":20,"column":43}},"11":{"start":{"line":21,"column":5},"end":{"line":21,"column":25}},"12":{"start":{"line":24,"column":5},"end":{"line":24,"column":17}},"13":{"start":{"line":25,"column":5},"end":{"line":25,"column":17}},"14":{"start":{"line":26,"column":5},"end":{"line":26,"column":17}},"15":{"start":{"line":35,"column":5},"end":{"line":126,"column":8}},"16":{"start":{"line":38,"column":13},"end":{"line":38,"column":37}},"17":{"start":{"line":39,"column":13},"end":{"line":39,"column":34}},"18":{"start":{"line":42,"column":13},"end":{"line":47,"column":15}},"19":{"start":{"line":50,"column":13},"end":{"line":55,"column":15}},"20":{"start":{"line":58,"column":13},"end":{"line":58,"column":25}},"21":{"start":{"line":61,"column":13},"end":{"line":63,"column":14}},"22":{"start":{"line":62,"column":17},"end":{"line":62,"column":38}},"23":{"start":{"line":66,"column":13},"end":{"line":68,"column":14}},"24":{"start":{"line":67,"column":17},"end":{"line":67,"column":40}},"25":{"start":{"line":71,"column":13},"end":{"line":97,"column":14}},"26":{"start":{"line":73,"column":17},"end":{"line":73,"column":35}},"27":{"start":{"line":74,"column":17},"end":{"line":74,"column":34}},"28":{"start":{"line":75,"column":17},"end":{"line":75,"column":34}},"29":{"start":{"line":78,"column":17},"end":{"line":78,"column":118}},"30":{"start":{"line":79,"column":17},"end":{"line":79,"column":118}},"31":{"start":{"line":80,"column":17},"end":{"line":80,"column":58}},"32":{"start":{"line":81,"column":17},"end":{"line":81,"column":58}},"33":{"start":{"line":84,"column":17},"end":{"line":84,"column":28}},"34":{"start":{"line":85,"column":17},"end":{"line":85,"column":28}},"35":{"start":{"line":86,"column":17},"end":{"line":86,"column":28}},"36":{"start":{"line":87,"column":17},"end":{"line":87,"column":28}},"37":{"start":{"line":88,"column":17},"end":{"line":88,"column":28}},"38":{"start":{"line":89,"column":17},"end":{"line":89,"column":28}},"39":{"start":{"line":90,"column":17},"end":{"line":90,"column":28}},"40":{"start":{"line":91,"column":17},"end":{"line":91,"column":28}},"41":{"start":{"line":94,"column":17},"end":{"line":96,"column":18}},"42":{"start":{"line":95,"column":21},"end":{"line":95,"column":42}},"43":{"start":{"line":102,"column":13},"end":{"line":102,"column":29}},"44":{"start":{"line":105,"column":13},"end":{"line":105,"column":34}},"45":{"start":{"line":108,"column":13},"end":{"line":108,"column":56}},"46":{"start":{"line":109,"column":13},"end":{"line":109,"column":56}},"47":{"start":{"line":110,"column":13},"end":{"line":110,"column":56}},"48":{"start":{"line":111,"column":13},"end":{"line":111,"column":56}},"49":{"start":{"line":113,"column":13},"end":{"line":120,"column":14}},"50":{"start":{"line":115,"column":17},"end":{"line":116,"column":70}},"51":{"start":{"line":119,"column":17},"end":{"line":119,"column":39}},"52":{"start":{"line":128,"column":5},"end":{"line":174,"column":6}},"53":{"start":{"line":130,"column":9},"end":{"line":130,"column":25}},"54":{"start":{"line":131,"column":9},"end":{"line":131,"column":25}},"55":{"start":{"line":134,"column":9},"end":{"line":136,"column":10}},"56":{"start":{"line":135,"column":13},"end":{"line":135,"column":26}},"57":{"start":{"line":139,"column":9},"end":{"line":139,"column":50}},"58":{"start":{"line":140,"column":9},"end":{"line":140,"column":81}},"59":{"start":{"line":141,"column":9},"end":{"line":141,"column":81}},"60":{"start":{"line":142,"column":9},"end":{"line":142,"column":81}},"61":{"start":{"line":143,"column":9},"end":{"line":143,"column":81}},"62":{"start":{"line":144,"column":9},"end":{"line":144,"column":81}},"63":{"start":{"line":145,"column":9},"end":{"line":145,"column":81}},"64":{"start":{"line":146,"column":9},"end":{"line":146,"column":81}},"65":{"start":{"line":147,"column":9},"end":{"line":147,"column":56}},"66":{"start":{"line":150,"column":9},"end":{"line":163,"column":10}},"67":{"start":{"line":151,"column":13},"end":{"line":151,"column":34}},"68":{"start":{"line":154,"column":13},"end":{"line":154,"column":34}},"69":{"start":{"line":155,"column":13},"end":{"line":155,"column":32}},"70":{"start":{"line":158,"column":13},"end":{"line":158,"column":72}},"71":{"start":{"line":159,"column":13},"end":{"line":159,"column":86}},"72":{"start":{"line":162,"column":13},"end":{"line":162,"column":28}},"73":{"start":{"line":166,"column":9},"end":{"line":166,"column":93}},"74":{"start":{"line":167,"column":9},"end":{"line":167,"column":67}},"75":{"start":{"line":168,"column":9},"end":{"line":168,"column":93}},"76":{"start":{"line":169,"column":9},"end":{"line":169,"column":67}},"77":{"start":{"line":170,"column":9},"end":{"line":170,"column":93}},"78":{"start":{"line":171,"column":9},"end":{"line":171,"column":67}},"79":{"start":{"line":172,"column":9},"end":{"line":172,"column":93}},"80":{"start":{"line":173,"column":9},"end":{"line":173,"column":67}},"81":{"start":{"line":184,"column":5},"end":{"line":184,"column":63}},"82":{"start":{"line":188,"column":1},"end":{"line":188,"column":30}}},"branchMap":{"1":{"line":2,"type":"if","locations":[{"start":{"line":2,"column":1},"end":{"line":2,"column":1}},{"start":{"line":2,"column":1},"end":{"line":2,"column":1}}]},"2":{"line":6,"type":"if","locations":[{"start":{"line":6,"column":6},"end":{"line":6,"column":6}},{"start":{"line":6,"column":6},"end":{"line":6,"column":6}}]},"3":{"line":6,"type":"binary-expr","locations":[{"start":{"line":6,"column":10},"end":{"line":6,"column":38}},{"start":{"line":6,"column":42},"end":{"line":6,"column":52}}]},"4":{"line":71,"type":"if","locations":[{"start":{"line":71,"column":13},"end":{"line":71,"column":13}},{"start":{"line":71,"column":13},"end":{"line":71,"column":13}}]},"5":{"line":140,"type":"cond-expr","locations":[{"start":{"line":140,"column":69},"end":{"line":140,"column":70}},{"start":{"line":140,"column":73},"end":{"line":140,"column":74}}]},"6":{"line":141,"type":"cond-expr","locations":[{"start":{"line":141,"column":69},"end":{"line":141,"column":70}},{"start":{"line":141,"column":73},"end":{"line":141,"column":74}}]},"7":{"line":142,"type":"cond-expr","locations":[{"start":{"line":142,"column":69},"end":{"line":142,"column":70}},{"start":{"line":142,"column":73},"end":{"line":142,"column":74}}]},"8":{"line":143,"type":"cond-expr","locations":[{"start":{"line":143,"column":69},"end":{"line":143,"column":70}},{"start":{"line":143,"column":73},"end":{"line":143,"column":74}}]},"9":{"line":144,"type":"cond-expr","locations":[{"start":{"line":144,"column":69},"end":{"line":144,"column":70}},{"start":{"line":144,"column":73},"end":{"line":144,"column":74}}]},"10":{"line":145,"type":"cond-expr","locations":[{"start":{"line":145,"column":69},"end":{"line":145,"column":70}},{"start":{"line":145,"column":73},"end":{"line":145,"column":74}}]},"11":{"line":146,"type":"cond-expr","locations":[{"start":{"line":146,"column":69},"end":{"line":146,"column":70}},{"start":{"line":146,"column":73},"end":{"line":146,"column":74}}]},"12":{"line":147,"type":"cond-expr","locations":[{"start":{"line":147,"column":50},"end":{"line":147,"column":51}},{"start":{"line":147,"column":54},"end":{"line":147,"column":55}}]}},"code":[";(function (root, factory, undef) {","\tif (typeof exports === \"object\") {","\t\t// CommonJS","\t\tmodule.exports = exports = factory(require(\"./core\"), require(\"./enc-base64\"), require(\"./md5\"), require(\"./evpkdf\"), require(\"./cipher-core\"));","\t}","\telse if (typeof define === \"function\" && define.amd) {","\t\t// AMD","\t\tdefine([\"./core\", \"./enc-base64\", \"./md5\", \"./evpkdf\", \"./cipher-core\"], factory);","\t}","\telse {","\t\t// Global (browser)","\t\tfactory(root.CryptoJS);","\t}","}(this, function (CryptoJS) {","","\t(function () {","\t    // Shortcuts","\t    var C = CryptoJS;","\t    var C_lib = C.lib;","\t    var StreamCipher = C_lib.StreamCipher;","\t    var C_algo = C.algo;","","\t    // Reusable objects","\t    var S  = [];","\t    var C_ = [];","\t    var G  = [];","","\t    /**","\t     * Rabbit stream cipher algorithm.","\t     *","\t     * This is a legacy version that neglected to convert the key to little-endian.","\t     * This error doesn't affect the cipher's security,","\t     * but it does affect its compatibility with other implementations.","\t     */","\t    var RabbitLegacy = C_algo.RabbitLegacy = StreamCipher.extend({","\t        _doReset: function () {","\t            // Shortcuts","\t            var K = this._key.words;","\t            var iv = this.cfg.iv;","","\t            // Generate initial state values","\t            var X = this._X = [","\t                K[0], (K[3] << 16) | (K[2] >>> 16),","\t                K[1], (K[0] << 16) | (K[3] >>> 16),","\t                K[2], (K[1] << 16) | (K[0] >>> 16),","\t                K[3], (K[2] << 16) | (K[1] >>> 16)","\t            ];","","\t            // Generate initial counter values","\t            var C = this._C = [","\t                (K[2] << 16) | (K[2] >>> 16), (K[0] & 0xffff0000) | (K[1] & 0x0000ffff),","\t                (K[3] << 16) | (K[3] >>> 16), (K[1] & 0xffff0000) | (K[2] & 0x0000ffff),","\t                (K[0] << 16) | (K[0] >>> 16), (K[2] & 0xffff0000) | (K[3] & 0x0000ffff),","\t                (K[1] << 16) | (K[1] >>> 16), (K[3] & 0xffff0000) | (K[0] & 0x0000ffff)","\t            ];","","\t            // Carry bit","\t            this._b = 0;","","\t            // Iterate the system four times","\t            for (var i = 0; i < 4; i++) {","\t                nextState.call(this);","\t            }","","\t            // Modify the counters","\t            for (var i = 0; i < 8; i++) {","\t                C[i] ^= X[(i + 4) & 7];","\t            }","","\t            // IV setup","\t            if (iv) {","\t                // Shortcuts","\t                var IV = iv.words;","\t                var IV_0 = IV[0];","\t                var IV_1 = IV[1];","","\t                // Generate four subvectors","\t                var i0 = (((IV_0 << 8) | (IV_0 >>> 24)) & 0x00ff00ff) | (((IV_0 << 24) | (IV_0 >>> 8)) & 0xff00ff00);","\t                var i2 = (((IV_1 << 8) | (IV_1 >>> 24)) & 0x00ff00ff) | (((IV_1 << 24) | (IV_1 >>> 8)) & 0xff00ff00);","\t                var i1 = (i0 >>> 16) | (i2 & 0xffff0000);","\t                var i3 = (i2 << 16)  | (i0 & 0x0000ffff);","","\t                // Modify counter values","\t                C[0] ^= i0;","\t                C[1] ^= i1;","\t                C[2] ^= i2;","\t                C[3] ^= i3;","\t                C[4] ^= i0;","\t                C[5] ^= i1;","\t                C[6] ^= i2;","\t                C[7] ^= i3;","","\t                // Iterate the system four times","\t                for (var i = 0; i < 4; i++) {","\t                    nextState.call(this);","\t                }","\t            }","\t        },","","\t        _doProcessBlock: function (M, offset) {","\t            // Shortcut","\t            var X = this._X;","","\t            // Iterate the system","\t            nextState.call(this);","","\t            // Generate four keystream words","\t            S[0] = X[0] ^ (X[5] >>> 16) ^ (X[3] << 16);","\t            S[1] = X[2] ^ (X[7] >>> 16) ^ (X[5] << 16);","\t            S[2] = X[4] ^ (X[1] >>> 16) ^ (X[7] << 16);","\t            S[3] = X[6] ^ (X[3] >>> 16) ^ (X[1] << 16);","","\t            for (var i = 0; i < 4; i++) {","\t                // Swap endian","\t                S[i] = (((S[i] << 8)  | (S[i] >>> 24)) & 0x00ff00ff) |","\t                       (((S[i] << 24) | (S[i] >>> 8))  & 0xff00ff00);","","\t                // Encrypt","\t                M[offset + i] ^= S[i];","\t            }","\t        },","","\t        blockSize: 128/32,","","\t        ivSize: 64/32","\t    });","","\t    function nextState() {","\t        // Shortcuts","\t        var X = this._X;","\t        var C = this._C;","","\t        // Save old counter values","\t        for (var i = 0; i < 8; i++) {","\t            C_[i] = C[i];","\t        }","","\t        // Calculate new counter values","\t        C[0] = (C[0] + 0x4d34d34d + this._b) | 0;","\t        C[1] = (C[1] + 0xd34d34d3 + ((C[0] >>> 0) < (C_[0] >>> 0) ? 1 : 0)) | 0;","\t        C[2] = (C[2] + 0x34d34d34 + ((C[1] >>> 0) < (C_[1] >>> 0) ? 1 : 0)) | 0;","\t        C[3] = (C[3] + 0x4d34d34d + ((C[2] >>> 0) < (C_[2] >>> 0) ? 1 : 0)) | 0;","\t        C[4] = (C[4] + 0xd34d34d3 + ((C[3] >>> 0) < (C_[3] >>> 0) ? 1 : 0)) | 0;","\t        C[5] = (C[5] + 0x34d34d34 + ((C[4] >>> 0) < (C_[4] >>> 0) ? 1 : 0)) | 0;","\t        C[6] = (C[6] + 0x4d34d34d + ((C[5] >>> 0) < (C_[5] >>> 0) ? 1 : 0)) | 0;","\t        C[7] = (C[7] + 0xd34d34d3 + ((C[6] >>> 0) < (C_[6] >>> 0) ? 1 : 0)) | 0;","\t        this._b = (C[7] >>> 0) < (C_[7] >>> 0) ? 1 : 0;","","\t        // Calculate the g-values","\t        for (var i = 0; i < 8; i++) {","\t            var gx = X[i] + C[i];","","\t            // Construct high and low argument for squaring","\t            var ga = gx & 0xffff;","\t            var gb = gx >>> 16;","","\t            // Calculate high and low result of squaring","\t            var gh = ((((ga * ga) >>> 17) + ga * gb) >>> 15) + gb * gb;","\t            var gl = (((gx & 0xffff0000) * gx) | 0) + (((gx & 0x0000ffff) * gx) | 0);","","\t            // High XOR low","\t            G[i] = gh ^ gl;","\t        }","","\t        // Calculate new state values","\t        X[0] = (G[0] + ((G[7] << 16) | (G[7] >>> 16)) + ((G[6] << 16) | (G[6] >>> 16))) | 0;","\t        X[1] = (G[1] + ((G[0] << 8)  | (G[0] >>> 24)) + G[7]) | 0;","\t        X[2] = (G[2] + ((G[1] << 16) | (G[1] >>> 16)) + ((G[0] << 16) | (G[0] >>> 16))) | 0;","\t        X[3] = (G[3] + ((G[2] << 8)  | (G[2] >>> 24)) + G[1]) | 0;","\t        X[4] = (G[4] + ((G[3] << 16) | (G[3] >>> 16)) + ((G[2] << 16) | (G[2] >>> 16))) | 0;","\t        X[5] = (G[5] + ((G[4] << 8)  | (G[4] >>> 24)) + G[3]) | 0;","\t        X[6] = (G[6] + ((G[5] << 16) | (G[5] >>> 16)) + ((G[4] << 16) | (G[4] >>> 16))) | 0;","\t        X[7] = (G[7] + ((G[6] << 8)  | (G[6] >>> 24)) + G[5]) | 0;","\t    }","","\t    /**","\t     * Shortcut functions to the cipher's object interface.","\t     *","\t     * @example","\t     *","\t     *     var ciphertext = CryptoJS.RabbitLegacy.encrypt(message, key, cfg);","\t     *     var plaintext  = CryptoJS.RabbitLegacy.decrypt(ciphertext, key, cfg);","\t     */","\t    C.RabbitLegacy = StreamCipher._createHelper(RabbitLegacy);","\t}());","","","\treturn CryptoJS.RabbitLegacy;","","}));"],"l":{"1":1,"2":1,"4":1,"6":0,"8":0,"12":0,"16":1,"18":1,"19":1,"20":1,"21":1,"24":1,"25":1,"26":1,"35":1,"38":0,"39":0,"42":0,"50":0,"58":0,"61":0,"62":0,"66":0,"67":0,"71":0,"73":0,"74":0,"75":0,"78":0,"79":0,"80":0,"81":0,"84":0,"85":0,"86":0,"87":0,"88":0,"89":0,"90":0,"91":0,"94":0,"95":0,"102":0,"105":0,"108":0,"109":0,"110":0,"111":0,"113":0,"115":0,"119":0,"128":1,"130":0,"131":0,"134":0,"135":0,"139":0,"140":0,"141":0,"142":0,"143":0,"144":0,"145":0,"146":0,"147":0,"150":0,"151":0,"154":0,"155":0,"158":0,"159":0,"162":0,"166":0,"167":0,"168":0,"169":0,"170":0,"171":0,"172":0,"173":0,"184":1,"188":1}}}